[    0.000000] Linux version 4.15.0-33-generic (buildd@lcy01-amd64-024) (gcc version 7.3.0 (Ubuntu 7.3.0-16ubuntu3)) #36-Ubuntu SMP Wed Aug 15 16:00:05 UTC 2018 (Ubuntu 4.15.0-33.36-generic 4.15.18)
[    0.000000] Command line: BOOT_IMAGE=/boot/vmlinuz-4.15.0-33-generic root=LABEL=cloudimg-rootfs ro console=tty1 console=ttyS0
[    0.000000] KERNEL supported cpus:
[    0.000000]   Intel GenuineIntel
[    0.000000]   AMD AuthenticAMD
[    0.000000]   Centaur CentaurHauls
[    0.000000] x86/fpu: Supporting XSAVE feature 0x001: 'x87 floating point registers'
[    0.000000] x86/fpu: Supporting XSAVE feature 0x002: 'SSE registers'
[    0.000000] x86/fpu: Supporting XSAVE feature 0x004: 'AVX registers'
[    0.000000] x86/fpu: xstate_offset[2]:  576, xstate_sizes[2]:  256
[    0.000000] x86/fpu: Enabled xstate features 0x7, context size is 832 bytes, using 'standard' format.
[    0.000000] e820: BIOS-provided physical RAM map:
[    0.000000] BIOS-e820: [mem 0x0000000000000000-0x000000000009fbff] usable
[    0.000000] BIOS-e820: [mem 0x000000000009fc00-0x000000000009ffff] reserved
[    0.000000] BIOS-e820: [mem 0x00000000000f0000-0x00000000000fffff] reserved
[    0.000000] BIOS-e820: [mem 0x0000000000100000-0x000000001ffeffff] usable
[    0.000000] BIOS-e820: [mem 0x000000001fff0000-0x000000001fffffff] ACPI data
[    0.000000] BIOS-e820: [mem 0x00000000fec00000-0x00000000fec00fff] reserved
[    0.000000] BIOS-e820: [mem 0x00000000fee00000-0x00000000fee00fff] reserved
[    0.000000] BIOS-e820: [mem 0x00000000fffc0000-0x00000000ffffffff] reserved
[    0.000000] NX (Execute Disable) protection: active
[    0.000000] SMBIOS 2.5 present.
[    0.000000] DMI: innotek GmbH VirtualBox/VirtualBox, BIOS VirtualBox 12/01/2006
[    0.000000] Hypervisor detected: KVM
[    0.000000] e820: last_pfn = 0x1fff0 max_arch_pfn = 0x400000000
[    0.000000] MTRR: Disabled
[    0.000000] x86/PAT: MTRRs disabled, skipping PAT initialization too.
[    0.000000] CPU MTRRs all blank - virtualized system.
[    0.000000] x86/PAT: Configuration [0-7]: WB  WT  UC- UC  WB  WT  UC- UC  
[    0.000000] found SMP MP-table at [mem 0x0009fff0-0x0009ffff] mapped at [        (ptrval)]
[    0.000000] Scanning 1 areas for low memory corruption
[    0.000000] RAMDISK: [mem 0x1dbb7000-0x1ee3cfff]
[    0.000000] ACPI: Early table checksum verification disabled
[    0.000000] ACPI: RSDP 0x00000000000E0000 000024 (v02 VBOX  )
[    0.000000] ACPI: XSDT 0x000000001FFF0030 00003C (v01 VBOX   VBOXXSDT 00000001 ASL  00000061)
[    0.000000] ACPI: FACP 0x000000001FFF00F0 0000F4 (v04 VBOX   VBOXFACP 00000001 ASL  00000061)
[    0.000000] ACPI: DSDT 0x000000001FFF0470 0021FF (v02 VBOX   VBOXBIOS 00000002 INTL 20100528)
[    0.000000] ACPI: FACS 0x000000001FFF0200 000040
[    0.000000] ACPI: FACS 0x000000001FFF0200 000040
[    0.000000] ACPI: APIC 0x000000001FFF0240 00005C (v02 VBOX   VBOXAPIC 00000001 ASL  00000061)
[    0.000000] ACPI: SSDT 0x000000001FFF02A0 0001CC (v01 VBOX   VBOXCPUT 00000002 INTL 20100528)
[    0.000000] No NUMA configuration found
[    0.000000] Faking a node at [mem 0x0000000000000000-0x000000001ffeffff]
[    0.000000] NODE_DATA(0) allocated [mem 0x1ffc5000-0x1ffeffff]
[    0.000000] kvm-clock: cpu 0, msr 0:1ff44001, primary cpu clock
[    0.000000] kvm-clock: Using msrs 4b564d01 and 4b564d00
[    0.000000] kvm-clock: using sched offset of 3214449803 cycles
[    0.000000] clocksource: kvm-clock: mask: 0xffffffffffffffff max_cycles: 0x1cd42e4dffb, max_idle_ns: 881590591483 ns
[    0.000000] Zone ranges:
[    0.000000]   DMA      [mem 0x0000000000001000-0x0000000000ffffff]
[    0.000000]   DMA32    [mem 0x0000000001000000-0x000000001ffeffff]
[    0.000000]   Normal   empty
[    0.000000]   Device   empty
[    0.000000] Movable zone start for each node
[    0.000000] Early memory node ranges
[    0.000000]   node   0: [mem 0x0000000000001000-0x000000000009efff]
[    0.000000]   node   0: [mem 0x0000000000100000-0x000000001ffeffff]
[    0.000000] Initmem setup node 0 [mem 0x0000000000001000-0x000000001ffeffff]
[    0.000000] Reserved but unavailable: 98 pages
[    0.000000] ACPI: PM-Timer IO Port: 0x4008
[    0.000000] IOAPIC[0]: apic_id 2, version 32, address 0xfec00000, GSI 0-23
[    0.000000] ACPI: INT_SRC_OVR (bus 0 bus_irq 0 global_irq 2 dfl dfl)
[    0.000000] ACPI: INT_SRC_OVR (bus 0 bus_irq 9 global_irq 9 low level)
[    0.000000] Using ACPI (MADT) for SMP configuration information
[    0.000000] smpboot: Allowing 2 CPUs, 0 hotplug CPUs
[    0.000000] PM: Registered nosave memory: [mem 0x00000000-0x00000fff]
[    0.000000] PM: Registered nosave memory: [mem 0x0009f000-0x0009ffff]
[    0.000000] PM: Registered nosave memory: [mem 0x000a0000-0x000effff]
[    0.000000] PM: Registered nosave memory: [mem 0x000f0000-0x000fffff]
[    0.000000] e820: [mem 0x20000000-0xfebfffff] available for PCI devices
[    0.000000] Booting paravirtualized kernel on KVM
[    0.000000] clocksource: refined-jiffies: mask: 0xffffffff max_cycles: 0xffffffff, max_idle_ns: 7645519600211568 ns
[    0.000000] random: get_random_bytes called from start_kernel+0x99/0x4fd with crng_init=0
[    0.000000] setup_percpu: NR_CPUS:8192 nr_cpumask_bits:2 nr_cpu_ids:2 nr_node_ids:1
[    0.000000] percpu: Embedded 46 pages/cpu @        (ptrval) s151552 r8192 d28672 u1048576
[    0.000000] PV qspinlock hash table entries: 256 (order: 0, 4096 bytes)
[    0.000000] Built 1 zonelists, mobility grouping on.  Total pages: 128889
[    0.000000] Policy zone: DMA32
[    0.000000] Kernel command line: BOOT_IMAGE=/boot/vmlinuz-4.15.0-33-generic root=LABEL=cloudimg-rootfs ro console=tty1 console=ttyS0
[    0.000000] Memory: 467520K/523832K available (12300K kernel code, 2470K rwdata, 4244K rodata, 2408K init, 2416K bss, 56312K reserved, 0K cma-reserved)
[    0.000000] SLUB: HWalign=64, Order=0-3, MinObjects=0, CPUs=2, Nodes=1
[    0.000000] Kernel/User page tables isolation: enabled
[    0.000000] ftrace: allocating 39121 entries in 153 pages
[    0.004000] Hierarchical RCU implementation.
[    0.004000] 	RCU restricting CPUs from NR_CPUS=8192 to nr_cpu_ids=2.
[    0.004000] 	Tasks RCU enabled.
[    0.004000] RCU: Adjusting geometry for rcu_fanout_leaf=16, nr_cpu_ids=2
[    0.004000] NR_IRQS: 524544, nr_irqs: 440, preallocated irqs: 16
[    0.004000] Console: colour VGA+ 80x25
[    0.004000] console [tty1] enabled
[    0.004000] console [ttyS0] enabled
[    0.004000] ACPI: Core revision 20170831
[    0.004000] ACPI: 2 ACPI AML tables successfully acquired and loaded
[    0.004000] APIC: Switch to symmetric I/O mode setup
[    0.004000] x2apic enabled
[    0.004000] Switched APIC routing to physical x2apic.
[    0.004000] ..TIMER: vector=0x30 apic1=0 pin1=2 apic2=-1 pin2=-1
[    0.004003] tsc: Detected 4008.000 MHz processor
[    0.004683] Calibrating delay loop (skipped) preset value.. 8016.00 BogoMIPS (lpj=16032000)
[    0.005215] pid_max: default: 32768 minimum: 301
[    0.005917] Security Framework initialized
[    0.006537] Yama: becoming mindful.
[    0.008016] AppArmor: AppArmor initialized
[    0.008702] Dentry cache hash table entries: 65536 (order: 7, 524288 bytes)
[    0.009718] Inode-cache hash table entries: 32768 (order: 6, 262144 bytes)
[    0.010693] Mount-cache hash table entries: 1024 (order: 1, 8192 bytes)
[    0.011630] Mountpoint-cache hash table entries: 1024 (order: 1, 8192 bytes)
[    0.012172] mce: CPU supports 0 MCE banks
[    0.012799] Last level iTLB entries: 4KB 64, 2MB 8, 4MB 8
[    0.013575] Last level dTLB entries: 4KB 64, 2MB 0, 4MB 0, 1GB 4
[    0.014431] Spectre V2 : Mitigation: Full generic retpoline
[    0.015226] Spectre V2 : Spectre v2 mitigation: Filling RSB on context switch
[    0.016001] Speculative Store Bypass: Vulnerable
[    0.016787] Freeing SMP alternatives memory: 36K
[    0.020000] smpboot: CPU0: Intel(R) Core(TM) i7-6700K CPU @ 4.00GHz (family: 0x6, model: 0x5e, stepping: 0x3)
[    0.020000] Performance Events: unsupported p6 CPU model 94 no PMU driver, software events only.
[    0.020000] Hierarchical SRCU implementation.
[    0.020037] NMI watchdog: Perf event create on CPU 0 failed with -2
[    0.020969] NMI watchdog: Perf NMI watchdog permanently disabled
[    0.021848] smp: Bringing up secondary CPUs ...
[    0.022581] x86: Booting SMP configuration:
[    0.023218] .... node  #0, CPUs:      #1
[    0.004000] kvm-clock: cpu 1, msr 0:1ff44041, secondary cpu clock
[    0.004000] mce: CPU supports 0 MCE banks
[    0.026836] smp: Brought up 1 node, 2 CPUs
[    0.026836] smpboot: Max logical packages: 1
[    0.026836] smpboot: Total of 2 processors activated (16032.00 BogoMIPS)
[    0.028077] devtmpfs: initialized
[    0.028565] x86/mm: Memory block size: 128MB
[    0.029297] evm: security.selinux
[    0.029827] evm: security.SMACK64
[    0.030355] evm: security.SMACK64EXEC
[    0.030919] evm: security.SMACK64TRANSMUTE
[    0.032002] evm: security.SMACK64MMAP
[    0.032565] evm: security.apparmor
[    0.033097] evm: security.ima
[    0.033573] evm: security.capability
[    0.034146] clocksource: jiffies: mask: 0xffffffff max_cycles: 0xffffffff, max_idle_ns: 7645041785100000 ns
[    0.034146] futex hash table entries: 512 (order: 3, 32768 bytes)
[    0.036033] pinctrl core: initialized pinctrl subsystem
[    0.036872] RTC time: 17:06:50, date: 09/03/18
[    0.037636] NET: Registered protocol family 16
[    0.038361] audit: initializing netlink subsys (disabled)
[    0.040016] audit: type=2000 audit(1535994415.055:1): state=initialized audit_enabled=0 res=1
[    0.041261] cpuidle: using governor ladder
[    0.041261] cpuidle: using governor menu
[    0.041263] ACPI: bus type PCI registered
[    0.041875] acpiphp: ACPI Hot Plug PCI Controller Driver version: 0.5
[    0.044070] PCI: Using configuration type 1 for base access
[    0.044896] HugeTLB registered 2.00 MiB page size, pre-allocated 0 pages
[    0.048058] ACPI: Added _OSI(Module Device)
[    0.048694] ACPI: Added _OSI(Processor Device)
[    0.049354] ACPI: Added _OSI(3.0 _SCP Extensions)
[    0.050049] ACPI: Added _OSI(Processor Aggregator Device)
[    0.050830] ACPI: Added _OSI(Linux-Dell-Video)
[    0.051735] ACPI: Executed 1 blocks of module-level executable AML code
[    0.055404] ACPI: Interpreter enabled
[    0.056013] ACPI: (supports S0 S5)
[    0.056547] ACPI: Using IOAPIC for interrupt routing
[    0.057494] PCI: Using host bridge windows from ACPI; if necessary, use "pci=nocrs" and report a bug
[    0.058950] ACPI: Enabled 2 GPEs in block 00 to 07
[    0.065510] ACPI: PCI Root Bridge [PCI0] (domain 0000 [bus 00-ff])
[    0.066421] acpi PNP0A03:00: _OSC: OS supports [ASPM ClockPM Segments MSI]
[    0.068020] acpi PNP0A03:00: _OSC: not requesting OS control; OS requires [ExtendedConfig ASPM ClockPM MSI]
[    0.069425] acpi PNP0A03:00: fail to add MMCONFIG information, can't access extended PCI configuration space under this bridge.
[    0.071308] PCI host bridge to bus 0000:00
[    0.071930] pci_bus 0000:00: root bus resource [io  0x0000-0x0cf7 window]
[    0.072002] pci_bus 0000:00: root bus resource [io  0x0d00-0xffff window]
[    0.072958] pci_bus 0000:00: root bus resource [mem 0x000a0000-0x000bffff window]
[    0.074058] pci_bus 0000:00: root bus resource [mem 0x20000000-0xfdffffff window]
[    0.075171] pci_bus 0000:00: root bus resource [bus 00-ff]
[    0.077546] pci 0000:00:01.1: legacy IDE quirk: reg 0x10: [io  0x01f0-0x01f7]
[    0.078554] pci 0000:00:01.1: legacy IDE quirk: reg 0x14: [io  0x03f6]
[    0.079488] pci 0000:00:01.1: legacy IDE quirk: reg 0x18: [io  0x0170-0x0177]
[    0.080002] pci 0000:00:01.1: legacy IDE quirk: reg 0x1c: [io  0x0376]
[    0.089063] pci 0000:00:07.0: quirk: [io  0x4000-0x403f] claimed by PIIX4 ACPI
[    0.090170] pci 0000:00:07.0: quirk: [io  0x4100-0x410f] claimed by PIIX4 SMB
[    0.096541] ACPI: PCI Interrupt Link [LNKA] (IRQs 5 9 10 *11)
[    0.097714] ACPI: PCI Interrupt Link [LNKB] (IRQs 5 9 *10 11)
[    0.098644] ACPI: PCI Interrupt Link [LNKC] (IRQs 5 *9 10 11)
[    0.099578] ACPI: PCI Interrupt Link [LNKD] (IRQs 5 9 10 *11)
[    0.100227] SCSI subsystem initialized
[    0.100831] pci 0000:00:02.0: vgaarb: setting as boot VGA device
[    0.100911] pci 0000:00:02.0: vgaarb: VGA device added: decodes=io+mem,owns=io+mem,locks=none
[    0.102156] pci 0000:00:02.0: vgaarb: bridge control possible
[    0.104001] vgaarb: loaded
[    0.104461] ACPI: bus type USB registered
[    0.105081] usbcore: registered new interface driver usbfs
[    0.105877] usbcore: registered new interface driver hub
[    0.106655] usbcore: registered new device driver usb
[    0.107431] EDAC MC: Ver: 3.0.0
[    0.108153] PCI: Using ACPI for IRQ routing
[    0.108859] NetLabel: Initializing
[    0.109396] NetLabel:  domain hash size = 128
[    0.110045] NetLabel:  protocols = UNLABELED CIPSOv4 CALIPSO
[    0.110892] NetLabel:  unlabeled traffic allowed by default
[    0.112053] clocksource: Switched to clocksource kvm-clock
[    0.121743] VFS: Disk quotas dquot_6.6.0
[    0.122405] VFS: Dquot-cache hash table entries: 512 (order 0, 4096 bytes)
[    0.123437] AppArmor: AppArmor Filesystem Enabled
[    0.124149] pnp: PnP ACPI init
[    0.125525] pnp: PnP ACPI: found 3 devices
[    0.134346] clocksource: acpi_pm: mask: 0xffffff max_cycles: 0xffffff, max_idle_ns: 2085701024 ns
[    0.135772] NET: Registered protocol family 2
[    0.136699] TCP established hash table entries: 4096 (order: 3, 32768 bytes)
[    0.137713] TCP bind hash table entries: 4096 (order: 4, 65536 bytes)
[    0.138627] TCP: Hash tables configured (established 4096 bind 4096)
[    0.139534] UDP hash table entries: 256 (order: 1, 8192 bytes)
[    0.140382] UDP-Lite hash table entries: 256 (order: 1, 8192 bytes)
[    0.141313] NET: Registered protocol family 1
[    0.141980] pci 0000:00:00.0: Limiting direct PCI/PCI transfers
[    0.142856] pci 0000:00:01.0: Activating ISA DMA hang workarounds
[    0.143775] pci 0000:00:02.0: Video device with shadowed ROM at [mem 0x000c0000-0x000dffff]
[    0.145089] Unpacking initramfs...
[    0.336701] Freeing initrd memory: 18968K
[    0.337453] platform rtc_cmos: registered platform RTC device (no PNP device found)
[    0.338592] Scanning for low memory corruption every 60 seconds
[    0.339883] Initialise system trusted keyrings
[    0.340582] Key type blacklist registered
[    0.341264] workingset: timestamp_bits=36 max_order=17 bucket_order=0
[    0.343050] zbud: loaded
[    0.343839] squashfs: version 4.0 (2009/01/31) Phillip Lougher
[    0.344843] fuse init (API version 7.26)
[    0.347645] Key type asymmetric registered
[    0.348294] Asymmetric key parser 'x509' registered
[    0.349033] Block layer SCSI generic (bsg) driver version 0.4 loaded (major 246)
[    0.350169] io scheduler noop registered
[    0.350775] io scheduler deadline registered
[    0.351462] io scheduler cfq registered (default)
[    0.352410] ACPI: AC Adapter [AC] (on-line)
[    0.353112] input: Power Button as /devices/LNXSYSTM:00/LNXPWRBN:00/input/input0
[    0.354255] ACPI: Power Button [PWRF]
[    0.354875] input: Sleep Button as /devices/LNXSYSTM:00/LNXSLPBN:00/input/input1
[    0.355988] ACPI: Sleep Button [SLPF]
[    0.356829] Serial: 8250/16550 driver, 32 ports, IRQ sharing enabled
[    0.379729] 00:02: ttyS0 at I/O 0x3f8 (irq = 4, base_baud = 115200) is a 16550A
[    0.383094] Linux agpgart interface v0.103
[    0.385013] loop: module loaded
[    0.385950] scsi host0: ata_piix
[    0.386576] scsi host1: ata_piix
[    0.387116] ata1: PATA max UDMA/33 cmd 0x1f0 ctl 0x3f6 bmdma 0xd000 irq 14
[    0.388081] ata2: PATA max UDMA/33 cmd 0x170 ctl 0x376 bmdma 0xd008 irq 15
[    0.389126] libphy: Fixed MDIO Bus: probed
[    0.389818] tun: Universal TUN/TAP device driver, 1.6
[    0.390606] PPP generic driver version 2.4.2
[    0.391305] ehci_hcd: USB 2.0 'Enhanced' Host Controller (EHCI) Driver
[    0.392237] ehci-pci: EHCI PCI platform driver
[    0.392935] ehci-platform: EHCI generic platform driver
[    0.393705] ohci_hcd: USB 1.1 'Open' Host Controller (OHCI) Driver
[    0.394655] ohci-pci: OHCI PCI platform driver
[    0.395336] ohci-platform: OHCI generic platform driver
[    0.396107] uhci_hcd: USB Universal Host Controller Interface driver
[    0.397126] i8042: PNP: PS/2 Controller [PNP0303:PS2K,PNP0f03:PS2M] at 0x60,0x64 irq 1,12
[    0.398732] serio: i8042 KBD port at 0x60,0x64 irq 1
[    0.399469] serio: i8042 AUX port at 0x60,0x64 irq 12
[    0.400361] mousedev: PS/2 mouse device common for all mice
[    0.401628] rtc_cmos rtc_cmos: rtc core: registered rtc_cmos as rtc0
[    0.402631] input: AT Translated Set 2 keyboard as /devices/platform/i8042/serio0/input/input2
[    0.404098] rtc_cmos rtc_cmos: alarms up to one day, 114 bytes nvram
[    0.411216] i2c /dev entries driver
[    0.411838] device-mapper: uevent: version 1.0.3
[    0.412625] device-mapper: ioctl: 4.37.0-ioctl (2017-09-20) initialised: dm-devel@redhat.com
[    0.413898] ledtrig-cpu: registered to indicate activity on CPUs
[    0.415026] NET: Registered protocol family 10
[    0.418183] Segment Routing with IPv6
[    0.418796] NET: Registered protocol family 17
[    0.419516] Key type dns_resolver registered
[    0.420334] RAS: Correctable Errors collector initialized.
[    0.421135] sched_clock: Marking stable (420307467, 0)->(655911578, -235604111)
[    0.422546] registered taskstats version 1
[    0.423176] Loading compiled-in X.509 certificates
[    0.425417] Loaded X.509 cert 'Build time autogenerated kernel key: b2b2adbda3eef7b219e699c1b87c022096150517'
[    0.426849] zswap: loaded using pool lzo/zbud
[    0.429699] Key type big_key registered
[    0.430301] Key type trusted registered
[    0.432051] Key type encrypted registered
[    0.432693] AppArmor: AppArmor sha1 policy hashing enabled
[    0.433487] ima: No TPM chip found, activating TPM-bypass! (rc=-19)
[    0.434384] evm: HMAC attrs: 0x1
[    0.435118]   Magic number: 2:112:137
[    0.435778] rtc_cmos rtc_cmos: setting system clock to 2018-09-03 17:06:50 UTC (1535994410)
[    0.437107] BIOS EDD facility v0.16 2004-Jun-25, 0 devices found
[    0.437979] EDD information not available.
[    0.550328] Freeing unused kernel memory: 2408K
[    0.568986] Write protecting the kernel read-only data: 20480k
[    0.570193] Freeing unused kernel memory: 2008K
[    0.573271] Freeing unused kernel memory: 1900K
[    0.580594] x86/mm: Checked W+X mappings: passed, no W+X pages found.
[    0.581523] x86/mm: Checking user space page tables
[    0.588626] x86/mm: Checked W+X mappings: passed, no W+X pages found.
Loading, please wait...
starting version 237
[    0.639953] e1000: Intel(R) PRO/1000 Network Driver - version 7.3.21-k8-NAPI
[    0.641015] e1000: Copyright (c) 1999-2006 Intel Corporation.
[    0.641926] Fusion MPT base driver 3.04.20
[    0.642568] Copyright (c) 1999-2008 LSI Corporation
[    0.661345] AVX2 version of gcm_enc/dec engaged.
[    0.662073] AES CTR mode by8 optimization enabled
[    0.672275] Fusion MPT SPI Host driver 3.04.20
[    0.862612] input: ImExPS/2 Generic Explorer Mouse as /devices/platform/i8042/serio1/input/input4
[    1.039878] e1000 0000:00:03.0 eth0: (PCI:33MHz:32-bit) 02:2b:25:6f:70:59
[    1.040917] e1000 0000:00:03.0 eth0: Intel(R) PRO/1000 Network Connection
[    1.340446] tsc: Refined TSC clocksource calibration: 4010.016 MHz
[    1.341392] clocksource: tsc: mask: 0xffffffffffffffff max_cycles: 0x39cd51c9790, max_idle_ns: 440795219189 ns
[    1.408687] e1000 0000:00:08.0 eth1: (PCI:33MHz:32-bit) 08:00:27:72:14:f2
[    1.409676] e1000 0000:00:08.0 eth1: Intel(R) PRO/1000 Network Connection
[    1.411517] e1000 0000:00:03.0 enp0s3: renamed from eth0
[    1.412675] mptbase: ioc0: Initiating bringup
[    1.428926] e1000 0000:00:08.0 enp0s8: renamed from eth1
[    1.512967] ioc0: LSI53C1030 A0: Capabilities={Initiator}
[    1.761821] scsi host2: ioc0: LSI53C1030 A0, FwRev=00000000h, Ports=1, MaxQ=256, IRQ=20
[    1.928779] scsi 2:0:0:0: Direct-Access     VBOX     HARDDISK         1.0  PQ: 0 ANSI: 5
[    1.960761] scsi target2:0:0: Beginning Domain Validation
[    1.962657] scsi target2:0:0: Domain Validation skipping write tests
[    1.963574] scsi target2:0:0: Ending Domain Validation
[    1.964454] scsi target2:0:0: asynchronous
[    1.965527] scsi 2:0:1:0: Direct-Access     VBOX     HARDDISK         1.0  PQ: 0 ANSI: 5
[    1.996013] scsi target2:0:1: Beginning Domain Validation
[    1.997855] random: fast init done
[    1.997862] scsi target2:0:1: Domain Validation skipping write tests
[    1.997863] scsi target2:0:1: Ending Domain Validation
[    2.000092] scsi target2:0:1: asynchronous
[    2.004019] random: systemd-udevd: uninitialized urandom read (16 bytes read)
[    2.005205] random: systemd-udevd: uninitialized urandom read (16 bytes read)
[    2.006223] random: systemd-udevd: uninitialized urandom read (16 bytes read)
[    2.007553] sd 2:0:0:0: Attached scsi generic sg0 type 0
[    2.007610] sd 2:0:0:0: [sda] 20971520 512-byte logical blocks: (10.7 GB/10.0 GiB)
[    2.007649] sd 2:0:0:0: [sda] Write Protect is off
[    2.007714] sd 2:0:0:0: [sda] Incomplete mode parameter data
[    2.007714] sd 2:0:0:0: [sda] Assuming drive cache: write through
[    2.012693] sd 2:0:1:0: [sdb] 20480 512-byte logical blocks: (10.5 MB/10.0 MiB)
[    2.013777]  sda: sda1
[    2.013897] sd 2:0:1:0: Attached scsi generic sg1 type 0
[    2.014279] sd 2:0:0:0: [sda] Attached SCSI disk
[    2.015866] sd 2:0:1:0: [sdb] Write Protect is off
[    2.016817] sd 2:0:1:0: [sdb] Incomplete mode parameter data
[    2.017669] sd 2:0:1:0: [sdb] Assuming drive cache: write through
[    2.020731] sd 2:0:1:0: [sdb] Attached SCSI disk
Begin: Loading essential drivers ... [    3.500871] raid6: sse2x1   gen() 14757 MB/s
[    3.548695] raid6: sse2x1   xor() 10557 MB/s
[    3.596530] raid6: sse2x2   gen() 17769 MB/s
[    3.645317] raid6: sse2x2   xor() 12151 MB/s
[    3.692185] raid6: sse2x4   gen() 19729 MB/s
[    3.740014] raid6: sse2x4   xor() 11685 MB/s
[    3.788820] raid6: avx2x1   gen() 29046 MB/s
[    3.836611] raid6: avx2x1   xor() 20290 MB/s
[    3.884451] raid6: avx2x2   gen() 35437 MB/s
[    3.932266] raid6: avx2x2   xor() 21844 MB/s
[    3.980088] raid6: avx2x4   gen() 39663 MB/s
[    4.028014] raid6: avx2x4   xor() 24347 MB/s
[    4.028777] raid6: using algorithm avx2x4 gen() 39663 MB/s
[    4.029645] raid6: .... xor() 24347 MB/s, rmw enabled
[    4.030427] raid6: using avx2x2 recovery algorithm
[    4.032150] xor: automatically using best checksumming function   avx       
[    4.034085] async_tx: api initialized (async)
done.
Begin: Running /scripts/init-premount ... done.
Begin: Mounting root file system ... Begin: Running /scripts/local-top ... done.
Begin: Running /scripts/local-premount ... [    4.070483] Btrfs loaded, crc32c=crc32c-intel
Scanning for Btrfs filesystems
done.
Warning: fsck not present, so skipping root file system
[    4.092049] EXT4-fs (sda1): mounted filesystem with ordered data mode. Opts: (null)
done.
Begin: Running /scripts/local-bottom ... done.
Begin: Running /scripts/init-bottom ... done.
[    4.223809] ip_tables: (C) 2000-2006 Netfilter Core Team
[    4.230415] systemd[1]: systemd 237 running in system mode. (+PAM +AUDIT +SELINUX +IMA +APPARMOR +SMACK +SYSVINIT +UTMP +LIBCRYPTSETUP +GCRYPT +GNUTLS +ACL +XZ +LZ4 +SECCOMP +BLKID +ELFUTILS +KMOD -IDN2 +IDN -PCRE2 default-hierarchy=hybrid)
[    4.233514] systemd[1]: Detected virtualization oracle.
[    4.234330] systemd[1]: Detected architecture x86-64.

Welcome to [1mUbuntu 18.04.1 LTS[0m!

[    4.239320] systemd[1]: Set hostname to <ubuntu-bionic>.
[    4.430430] systemd[1]: Reached target System Time Synchronized.
[[0;32m  OK  [0m] Reached target System Time Synchronized.
[    4.432322] systemd[1]: Reached target Swap.
[[0;32m  OK  [0m] Reached target Swap.
[    4.434763] systemd[1]: Created slice System Slice.
[[0;32m  OK  [0m] Created slice System Slice.
[    4.436456] systemd[1]: Listening on Journal Audit Socket.
[[0;32m  OK  [0m] Listening on Journal Audit Socket.
[    4.438527] systemd[1]: Listening on Device-mapper event daemon FIFOs.
[[0;32m  OK  [0m] Listening on Device-mapper event daemon FIFOs.
[    4.440712] systemd[1]: Created slice User and Session Slice.
[[0;32m  OK  [0m] Created slice User and Session Slice.
[[0;32m  OK  [0m] Listening on LVM2 metadata daemon socket.
[[0;32m  OK  [0m] Listening on udev Control Socket.
[[0;32m  OK  [0m] Created slice system-serial\x2dgetty.slice.
[[0;32m  OK  [0m] Started Forward Password Requests to Wall Directory Watch.
[[0;32m  OK  [0m] Listening on /dev/initctl Compatibility Named Pipe.
[[0;32m  OK  [0m] Listening on Network Service Netlink Socket.
[[0;32m  OK  [0m] Reached target Slices.
[[0;32m  OK  [0m] Listening on udev Kernel Socket.
[[0;32m  OK  [0m] Set up automount Arbitrary Executab…rmats File System Automount Point.
[[0;32m  OK  [0m] Listening on LVM2 poll daemon socket.
[[0;32m  OK  [0m] Listening on Journal Socket.
         Mounting Kernel Debug File System...
         Starting Load Kernel Modules...
         Starting Uncomplicated firewall...
         Starting Create list of required st…ce nodes for the current kernel...
         Starting Remount Root and Kernel File Systems...
         Starting udev Coldplug all Devices...
         Starting Monitoring of LVM2 mirrors…ng dmeventd or progress polling...
         Mounting POSIX Message Queue File System...
         Starting Set the console keyboard layout...
         Mounting Huge Pages File System...
[[0;32m  OK  [0m] Listening on Syslog Socket.
[[0;32m  OK  [0m] Listening on Journal Socket (/dev/log).
         Starting Journal Service...
[[0;32m  OK  [0m] Reached target User and Group Name Lookups.
[    4.493605] Loading iSCSI transport class v2.0-870.
[[0;32m  OK  [0m] Started udev Coldplug all Devices.
[    4.500091] iscsi: registered transport (tcp)
[    4.512189] iscsi: registered transport (iser)
[[0;32m  OK  [0m] Started Load Kernel Modules.
         Mounting FUSE Control File System...
         Mounting Kernel Configuration File System...
         Starting Apply Kernel Variables...
[[0;32m  OK  [0m] Started Uncomplicated firewall.
[[0;32m  OK  [0m] Started Create list of required sta…vice nodes for the current kernel.
         Starting Create Static Device Nodes in /dev...
[[0;32m  OK  [0m] Started Journal Service.
[[0;32m  OK  [0m] Started Create Static Device Nodes in /dev.
[[0;32m  OK  [0m] Started Apply Kernel Variables.
[[0;32m  OK  [0m] Mounted FUSE Control File System.
[[0;32m  OK  [0m] Mounted Kernel Debug File System.
[[0;32m  OK  [0m] Mounted POSIX Message Queue File System.
[[0;32m  OK  [0m] Mounted Huge Pages File System.
[[0;32m  OK  [0m] Mounted Kernel Configuration File System.
[[0;32m  OK  [0m] Started Remount Root and Kernel File Systems.
         Starting Flush Journal to Persistent Storage...
         Starting udev Kernel Device Manager...
         Starting Initial cloud-init job (pre-networking)...
         Starting Load/Save Random Seed...
[[0;32m  OK  [0m] Started LVM2 metadata daemon.
[[0;32m  OK  [0m] Started udev Kernel Device Manager.
[[0;32m  OK  [0m] Started Load/Save Random Seed.
[[0;32m  OK  [0m] Started Set the console keyboard layout.
[[0;32m  OK  [0m] Started Dispatch Password Requests to Console Directory Watch.
[[0;32m  OK  [0m] Reached target Local Encrypted Volumes.
[[0;32m  OK  [0m] Started Monitoring of LVM2 mirrors,…sing dmeventd or progress polling.
[[0;32m  OK  [0m] Reached target Local File Systems (Pre).
[[0;32m  OK  [0m] Reached target Local File Systems.
         Starting AppArmor initialization...
         Starting Set console font and keymap...
         Starting Tell Plymouth To Write Out Runtime Data...
         Starting ebtables ruleset management...
[[0;32m  OK  [0m] Found device /dev/ttyS0.
[[0;32m  OK  [0m] Started Set console font and keymap.
[[0;32m  OK  [0m] Started Flush Journal to Persistent Storage.
         Starting Create Volatile Files and Directories...
[[0;32m  OK  [0m] Started Tell Plymouth To Write Out Runtime Data.
[[0;32m  OK  [0m] Started Create Volatile Files and Directories.
         Starting Update UTMP about System Boot/Shutdown...
[[0;32m  OK  [0m] Listening on Load/Save RF Kill Switch Status /dev/rfkill Watch.
[[0;32m  OK  [0m] Started Update UTMP about System Boot/Shutdown.
[[0;32m  OK  [0m] Started ebtables ruleset management.
[[0;32m  OK  [0m] Started AppArmor initialization.
[    5.890449] cloud-init[407]: Cloud-init v. 18.3-9-g2e62cb8a-0ubuntu1~18.04.2 running 'init-local' at Mon, 03 Sep 2018 17:06:55 +0000. Up 5.69 seconds.
[[0;32m  OK  [0m] Started Initial cloud-init job (pre-networking).
[[0;32m  OK  [0m] Reached target Network (Pre).
         Starting Network Service...
[[0;32m  OK  [0m] Started Network Service.
         Starting Network Name Resolution...
         Starting Wait for Network to be Configured...
[[0;32m  OK  [0m] Started Network Name Resolution.
[[0;32m  OK  [0m] Reached target Network.
[[0;32m  OK  [0m] Reached target Host and Network Name Lookups.
[[0;32m  OK  [0m] Started Wait for Network to be Configured.
         Starting Initial cloud-init job (metadata service crawler)...
[    8.159802] cloud-init[643]: Cloud-init v. 18.3-9-g2e62cb8a-0ubuntu1~18.04.2 running 'init' at Mon, 03 Sep 2018 17:06:57 +0000. Up 7.81 seconds.
[    8.161242] cloud-init[643]: ci-info: ++++++++++++++++++++++++++++++++++++++Net device info+++++++++++++++++++++++++++++++++++++++
[    8.162465] cloud-init[643]: ci-info: +--------+------+-----------------------------+---------------+--------+-------------------+
[    8.163725] cloud-init[643]: ci-info: | Device |  Up  |           Address           |      Mask     | Scope  |     Hw-Address    |
[    8.164902] cloud-init[643]: ci-info: +--------+------+-----------------------------+---------------+--------+-------------------+
[    8.166117] cloud-init[643]: ci-info: | enp0s3 | True |          10.0.2.15          | 255.255.255.0 | global | 02:2b:25:6f:70:59 |
[    8.167343] cloud-init[643]: ci-info: | enp0s3 | True |  fe80::2b:25ff:fe6f:7059/64 |       .       |  link  | 02:2b:25:6f:70:59 |
[    8.168551] cloud-init[643]: ci-info: | enp0s8 | True |        192.168.1.200        | 255.255.255.0 | global | 08:00:27:72:14:f2 |
[    8.169803] cloud-init[643]: ci-info: | enp0s8 | True | fe80::a00:27ff:fe72:14f2/64 |       .       |  link  | 08:00:27:72:14:f2 |
[    8.171066] cloud-init[643]: ci-info: |   lo   | True |          127.0.0.1          |   255.0.0.0   |  host  |         .         |
[    8.172287] cloud-init[643]: ci-info: |   lo   | True |           ::1/128           |       .       |  host  |         .         |
[    8.173468] cloud-init[643]: ci-info: +--------+------+-----------------------------+---------------+--------+-------------------+
[    8.174679] cloud-init[643]: ci-info: ++++++++++++++++++++++++++++Route IPv4 info+++++++++++++++++++++++++++++
[    8.175664] cloud-init[643]: ci-info: +-------+-------------+----------+-----------------+-----------+-------+
[    8.176668] cloud-init[643]: ci-info: | Route | Destination | Gateway  |     Genmask     | Interface | Flags |
[    8.177682] cloud-init[643]: ci-info: +-------+-------------+----------+-----------------+-----------+-------+
[    8.178723] cloud-init[643]: ci-info: |   0   |   0.0.0.0   | 10.0.2.2 |     0.0.0.0     |   enp0s3  |   UG  |
[    8.179741] cloud-init[643]: ci-info: |   1   |   10.0.2.0  | 0.0.0.0  |  255.255.255.0  |   enp0s3  |   U   |
[    8.180764] cloud-init[643]: ci-info: |   2   |   10.0.2.2  | 0.0.0.0  | 255.255.255.255 |   enp0s3  |   UH  |
[    8.181811] cloud-init[643]: ci-info: |   3   | 192.168.1.0 | 0.0.0.0  |  255.255.255.0  |   enp0s8  |   U   |
[    8.182801] cloud-init[643]: ci-info: +-------+-------------+----------+-----------------+-----------+-------+
[    8.183845] cloud-init[643]: ci-info: +++++++++++++++++++Route IPv6 info+++++++++++++++++++
[    8.184736] cloud-init[643]: ci-info: +-------+-------------+---------+-----------+-------+
[    8.185578] cloud-init[643]: ci-info: | Route | Destination | Gateway | Interface | Flags |
[    8.186445] cloud-init[643]: ci-info: +-------+-------------+---------+-----------+-------+
[    8.187302] cloud-init[643]: ci-info: |   1   |  fe80::/64  |    ::   |   enp0s8  |   U   |
[    8.188182] cloud-init[643]: ci-info: |   2   |  fe80::/64  |    ::   |   enp0s3  |   U   |
[    8.189066] cloud-init[643]: ci-info: |   4   |    local    |    ::   |   enp0s3  |   U   |
[    8.189948] cloud-init[643]: ci-info: |   5   |    local    |    ::   |   enp0s8  |   U   |
[    8.190895] cloud-init[643]: ci-info: |   6   |   ff00::/8  |    ::   |   enp0s8  |   U   |
[    8.191770] cloud-init[643]: ci-info: |   7   |   ff00::/8  |    ::   |   enp0s3  |   U   |
[    8.192628] cloud-init[643]: ci-info: +-------+-------------+---------+-----------+-------+
[[0;32m  OK  [0m] Started Initial cloud-init job (metadata service crawler).
[[0;32m  OK  [0m] Reached target Network is Online.
         Starting iSCSI initiator daemon (iscsid)...
[[0;32m  OK  [0m] Reached target Cloud-config availability.
[[0;32m  OK  [0m] Reached target System Initialization.
[[0;32m  OK  [0m] Listening on UUID daemon activation socket.
[[0;32m  OK  [0m] Started Message of the Day.
[[0;32m  OK  [0m] Listening on D-Bus System Message Bus Socket.
[[0;32m  OK  [0m] Started Discard unused blocks once a week.
         Starting LXD - unix socket.
[[0;32m  OK  [0m] Started ACPI Events Check.
[[0;32m  OK  [0m] Reached target Paths.
[[0;32m  OK  [0m] Listening on ACPID Listen Socket.
[[0;32m  OK  [0m] Started Daily apt download activities.
[[0;32m  OK  [0m] Started Daily apt upgrade and clean activities.
         Starting Socket activation for snappy daemon.
[[0;32m  OK  [0m] Started Daily Cleanup of Temporary Directories.
[[0;32m  OK  [0m] Reached target Timers.
[[0;32m  OK  [0m] Listening on LXD - unix socket.
[[0;32m  OK  [0m] Listening on Socket activation for snappy daemon.
[[0;32m  OK  [0m] Reached target Sockets.
[[0;32m  OK  [0m] Reached target Basic System.
[[0;32m  OK  [0m] Started Unattended Upgrades Shutdown.
[[0;32m  OK  [0m] Started FUSE filesystem for LXC.
         Starting Login Service...
[[0;32m  OK  [0m] Started Deferred execution scheduler.
[[0;32m  OK  [0m] Started Regular background program processing daemon.
[[0;32m  OK  [0m] Started D-Bus System Message Bus.
[[0;32m  OK  [0m] Started irqbalance daemon.
         Starting Snappy daemon...
         Starting Dispatcher daemon for systemd-networkd...
         Starting System Logging Service...
         Starting Virtualbox guest utils...
         Starting Accounts Service...
         Starting OpenBSD Secure Shell server...
         Starting LSB: Record successful boot for GRUB...
         Starting LXD - container startup/shutdown...
[[0;32m  OK  [0m] Started iSCSI initiator daemon (iscsid).
[[0;32m  OK  [0m] Started Login Service.
[[0;32m  OK  [0m] Reached target Remote File Systems (Pre).
[[0;32m  OK  [0m] Reached target Remote File Systems.
         Starting LSB: automatic crash report generation...
         Starting Permit User Sessions...
         Starting Availability of block devices...
[[0;32m  OK  [0m] Started System Logging Service.
[[0;32m  OK  [0m] Started Permit User Sessions.
         Starting Terminate Plymouth Boot Screen...
         Starting Hold until boot process finishes up...
[[0;32m  OK  [0m] Started Hold until boot process finishes up.
         Starting Set console scheme...
[[0;32m  OK  [0m] Started Serial Getty on ttyS0.
[[0;32m  OK  [0m] Started Availability of block devices.
[[0;32m  OK  [0m] Started Terminate Plymouth Boot Screen.
[[0;32m  OK  [0m] Started Set console scheme.
[[0;32m  OK  [0m] Created slice system-getty.slice.
[[0;32m  OK  [0m] Started Getty on tty1.
[[0;32m  OK  [0m] Reached target Login Prompts.
         Starting Authorization Manager...
[[0;32m  OK  [0m] Started OpenBSD Secure Shell server.
[[0;32m  OK  [0m] Started Authorization Manager.
[[0;32m  OK  [0m] Started Accounts Service.
[[0;32m  OK  [0m] Started LSB: automatic crash report generation.
[[0;32m  OK  [0m] Started LSB: Record successful boot for GRUB.
[[0;32m  OK  [0m] Started Virtualbox guest utils.
[[0;32m  OK  [0m] Started Dispatcher daemon for systemd-networkd.
[[0;32m  OK  [0m] Started LXD - container startup/shutdown.
[[0;32m  OK  [0m] Started Snappy daemon.
         Starting Wait until snapd is fully seeded...
[[0;32m  OK  [0m] Started Wait until snapd is fully seeded.
         Starting Apply the settings specified in cloud-config...
[[0;32m  OK  [0m] Reached target Multi-User System.
[[0;32m  OK  [0m] Reached target Graphical Interface.
         Starting Update UTMP about System Runlevel Changes...
[[0;32m  OK  [0m] Started Update UTMP about System Runlevel Changes.
[    9.417824] cloud-init[1048]: Cloud-init v. 18.3-9-g2e62cb8a-0ubuntu1~18.04.2 running 'modules:config' at Mon, 03 Sep 2018 17:06:59 +0000. Up 9.26 seconds.
[[0;32m  OK  [0m] Started Apply the settings specified in cloud-config.
         Starting Execute cloud user/final scripts...
[   10.026269] cloud-init[1092]: Cloud-init v. 18.3-9-g2e62cb8a-0ubuntu1~18.04.2 running 'modules:final' at Mon, 03 Sep 2018 17:06:59 +0000. Up 9.86 seconds.
[   10.027953] cloud-init[1092]: Cloud-init v. 18.3-9-g2e62cb8a-0ubuntu1~18.04.2 finished at Mon, 03 Sep 2018 17:07:00 +0000. Datasource DataSourceNoCloud [seed=/dev/sdb][dsmode=net].  Up 10.01 seconds
[[0;32m  OK  [0m] Started Execute cloud user/final scripts.
[[0;32m  OK  [0m] Reached target Cloud-init target.

Ubuntu 18.04.1 LTS ubuntu-bionic ttyS0

ubuntu-bionic login: [[0;32m  OK  [0m] Stopped target Timers.
[[0;32m  OK  [0m] Stopped Message of the Day.
[[0;32m  OK  [0m] Stopped Discard unused blocks once a week.
[[0;32m  OK  [0m] Stopped target Cloud-init target.
         Stopping User Manager for UID 1000...
[[0;32m  OK  [0m] Stopped Daily apt upgrade and clean activities.
[[0;32m  OK  [0m] Stopped Daily apt download activities.
[[0;32m  OK  [0m] Stopped target System Time Synchronized.
[[0;32m  OK  [0m] Stopped Daily Cleanup of Temporary Directories.
[[0;32m  OK  [0m] Closed Load/Save RF Kill Switch Status /dev/rfkill Watch.
[[0;32m  OK  [0m] Stopped target Graphical Interface.
         Stopping Accounts Service...
         Stopping Availability of block devices...
         Stopping Session 3 of user vagrant.
[[0;32m  OK  [0m] Stopped Execute cloud user/final scripts.
[[0;32m  OK  [0m] Stopped Apply the settings specified in cloud-config.
[[0;32m  OK  [0m] Stopped target Cloud-config availability.
[[0;32m  OK  [0m] Stopped target Host and Network Name Lookups.
[[0;32m  OK  [0m] Stopped target Multi-User System.
         Stopping Deferred execution scheduler...
[[0;32m  OK  [0m] Stopped target Login Prompts.
         Stopping Getty on tty1...
         Stopping Serial Getty on ttyS0...
         Stopping Dispatcher daemon for systemd-networkd...
         Stopping Regular background program processing daemon...
         Stopping irqbalance daemon...
         Stopping System Logging Service...
         Stopping Unattended Upgrades Shutdown...
         Stopping LSB: automatic crash report generation...
         Stopping FUSE filesystem for LXC...
         Stopping LXD - container startup/shutdown...
         Stopping LSB: Record successful boot for GRUB...
[[0;32m  OK  [0m] Stopped Wait until snapd is fully seeded.
         Stopping OpenBSD Secure Shell server...
         Stopping Snappy daemon...
         Stopping Authorization Manager...
         Stopping Virtualbox guest utils...
         Stopping Apache CouchDB...
         Stopping D-Bus System Message Bus...
[[0;32m  OK  [0m] Unmounted /var/lib/lxcfs.
[[0;32m  OK  [0m] Stopped Deferred execution scheduler.
[[0;32m  OK  [0m] Stopped Regular background program processing daemon.
[[0;32m  OK  [0m] Stopped irqbalance daemon.
[[0;32m  OK  [0m] Stopped Snappy daemon.
[[0;32m  OK  [0m] Stopped Dispatcher daemon for systemd-networkd.
[[0;32m  OK  [0m] Stopped System Logging Service.
[[0;32m  OK  [0m] Stopped Accounts Service.
[[0;32m  OK  [0m] Stopped Serial Getty on ttyS0.
[[0;32m  OK  [0m] Stopped OpenBSD Secure Shell server.
[[0;32m  OK  [0m] Stopped Getty on tty1.
[[0;32m  OK  [0m] Stopped Authorization Manager.
[[0;32m  OK  [0m] Stopped User Manager for UID 1000.
[[0;32m  OK  [0m] Stopped Apache CouchDB.
[[0;32m  OK  [0m] Stopped D-Bus System Message Bus.
[[0;32m  OK  [0m] Stopped FUSE filesystem for LXC.
[[0;32m  OK  [0m] Stopped Session 3 of user vagrant.
[[0;32m  OK  [0m] Removed slice User Slice of vagrant.
         Stopping Login Service...
[[0;32m  OK  [0m] Removed slice system-getty.slice.
[[0;32m  OK  [0m] Removed slice system-serial\x2dgetty.slice.
         Stopping Permit User Sessions...
[[0;32m  OK  [0m] Stopped LXD - container startup/shutdown.
[[0;32m  OK  [0m] Stopped Permit User Sessions.
[[0;32m  OK  [0m] Stopped Availability of block devices.
[[0;32m  OK  [0m] Stopped Unattended Upgrades Shutdown.
[[0;32m  OK  [0m] Stopped LSB: Record successful boot for GRUB.
[[0;32m  OK  [0m] Stopped Login Service.
[[0;32m  OK  [0m] Stopped target User and Group Name Lookups.
[[0;32m  OK  [0m] Stopped LSB: automatic crash report generation.
[[0;32m  OK  [0m] Stopped target Remote File Systems.
[[0;32m  OK  [0m] Stopped target Remote File Systems (Pre).
         Stopping iSCSI initiator daemon (iscsid)...
[[0;32m  OK  [0m] Stopped Virtualbox guest utils.
[[0;32m  OK  [0m] Stopped target Basic System.
[[0;32m  OK  [0m] Stopped target Slices.
[[0;32m  OK  [0m] Removed slice User and Session Slice.
[[0;32m  OK  [0m] Stopped target Sockets.
[[0;32m  OK  [0m] Closed D-Bus System Message Bus Socket.
[[0;32m  OK  [0m] Closed LXD - unix socket.
[[0;32m  OK  [0m] Closed UUID daemon activation socket.
[[0;32m  OK  [0m] Closed ACPID Listen Socket.
[[0;32m  OK  [0m] Closed Socket activation for snappy daemon.
[[0;32m  OK  [0m] Closed Syslog Socket.
[[0;32m  OK  [0m] Stopped target Paths.
[[0;32m  OK  [0m] Stopped ACPI Events Check.
[[0;32m  OK  [0m] Stopped target System Initialization.
[[0;32m  OK  [0m] Stopped target Local Encrypted Volumes.
         Stopping Update UTMP about System Boot/Shutdown...
         Stopping Load/Save Random Seed...
[[0;32m  OK  [0m] Stopped Dispatch Password Requests to Console Directory Watch.
[[0;32m  OK  [0m] Stopped Forward Password Requests to Wall Directory Watch.
[[0;32m  OK  [0m] Stopped iSCSI initiator daemon (iscsid).
[[0;32m  OK  [0m] Stopped Load/Save Random Seed.
[[0;32m  OK  [0m] Stopped target Network is Online.
[[0;32m  OK  [0m] Stopped Initial cloud-init job (metadata service crawler).
[[0;32m  OK  [0m] Stopped target Network.
         Stopping Network Name Resolution...
[[0;32m  OK  [0m] Stopped Update UTMP about System Boot/Shutdown.
[[0;32m  OK  [0m] Stopped Network Name Resolution.
         Stopping Network Service...
[[0;32m  OK  [0m] Stopped Create Volatile Files and Directories.
[[0;32m  OK  [0m] Stopped target Local File Systems.
         Unmounting /vagrant...
         Unmounting /run/user/1000...
[[0;32m  OK  [0m] Unmounted /run/user/1000.
[[0;32m  OK  [0m] Stopped target Swap.
[[0;32m  OK  [0m] Unmounted /vagrant.
[[0;32m  OK  [0m] Reached target Unmount All Filesystems.
[[0;32m  OK  [0m] Stopped target Local File Systems (Pre).
[[0;32m  OK  [0m] Stopped Create Static Device Nodes in /dev.
         Stopping Monitoring of LVM2 mirrors…ng dmeventd or progress polling...
[[0;32m  OK  [0m] Stopped Network Service.
[[0;32m  OK  [0m] Stopped target Network (Pre).
[[0;32m  OK  [0m] Stopped Initial cloud-init job (pre-networking).
[[0;32m  OK  [0m] Stopped Remount Root and Kernel File Systems.
[[0;32m  OK  [0m] Stopped Apply Kernel Variables.
[[0;32m  OK  [0m] Stopped Load Kernel Modules.
[[0;32m  OK  [0m] Reached target Shutdown.
[[0;32m  OK  [0m] Reached target Final Step.
         Starting Reboot...
[ 5364.610302] reboot: Restarting system
[    0.000000] Linux version 4.15.0-33-generic (buildd@lcy01-amd64-024) (gcc version 7.3.0 (Ubuntu 7.3.0-16ubuntu3)) #36-Ubuntu SMP Wed Aug 15 16:00:05 UTC 2018 (Ubuntu 4.15.0-33.36-generic 4.15.18)
[    0.000000] Command line: BOOT_IMAGE=/boot/vmlinuz-4.15.0-33-generic root=LABEL=cloudimg-rootfs ro console=tty1 console=ttyS0
[    0.000000] KERNEL supported cpus:
[    0.000000]   Intel GenuineIntel
[    0.000000]   AMD AuthenticAMD
[    0.000000]   Centaur CentaurHauls
[    0.000000] x86/fpu: Supporting XSAVE feature 0x001: 'x87 floating point registers'
[    0.000000] x86/fpu: Supporting XSAVE feature 0x002: 'SSE registers'
[    0.000000] x86/fpu: Supporting XSAVE feature 0x004: 'AVX registers'
[    0.000000] x86/fpu: xstate_offset[2]:  576, xstate_sizes[2]:  256
[    0.000000] x86/fpu: Enabled xstate features 0x7, context size is 832 bytes, using 'standard' format.
[    0.000000] e820: BIOS-provided physical RAM map:
[    0.000000] BIOS-e820: [mem 0x0000000000000000-0x000000000009fbff] usable
[    0.000000] BIOS-e820: [mem 0x000000000009fc00-0x000000000009ffff] reserved
[    0.000000] BIOS-e820: [mem 0x00000000000f0000-0x00000000000fffff] reserved
[    0.000000] BIOS-e820: [mem 0x0000000000100000-0x000000001ffeffff] usable
[    0.000000] BIOS-e820: [mem 0x000000001fff0000-0x000000001fffffff] ACPI data
[    0.000000] BIOS-e820: [mem 0x00000000fec00000-0x00000000fec00fff] reserved
[    0.000000] BIOS-e820: [mem 0x00000000fee00000-0x00000000fee00fff] reserved
[    0.000000] BIOS-e820: [mem 0x00000000fffc0000-0x00000000ffffffff] reserved
[    0.000000] NX (Execute Disable) protection: active
[    0.000000] SMBIOS 2.5 present.
[    0.000000] DMI: innotek GmbH VirtualBox/VirtualBox, BIOS VirtualBox 12/01/2006
[    0.000000] Hypervisor detected: KVM
[    0.000000] e820: last_pfn = 0x1fff0 max_arch_pfn = 0x400000000
[    0.000000] MTRR: Disabled
[    0.000000] x86/PAT: MTRRs disabled, skipping PAT initialization too.
[    0.000000] CPU MTRRs all blank - virtualized system.
[    0.000000] x86/PAT: Configuration [0-7]: WB  WT  UC- UC  WB  WT  UC- UC  
[    0.000000] found SMP MP-table at [mem 0x0009fff0-0x0009ffff] mapped at [        (ptrval)]
[    0.000000] Scanning 1 areas for low memory corruption
[    0.000000] RAMDISK: [mem 0x1db33000-0x1ee3cfff]
[    0.000000] ACPI: Early table checksum verification disabled
[    0.000000] ACPI: RSDP 0x00000000000E0000 000024 (v02 VBOX  )
[    0.000000] ACPI: XSDT 0x000000001FFF0030 00003C (v01 VBOX   VBOXXSDT 00000001 ASL  00000061)
[    0.000000] ACPI: FACP 0x000000001FFF00F0 0000F4 (v04 VBOX   VBOXFACP 00000001 ASL  00000061)
[    0.000000] ACPI: DSDT 0x000000001FFF0470 0021FF (v02 VBOX   VBOXBIOS 00000002 INTL 20100528)
[    0.000000] ACPI: FACS 0x000000001FFF0200 000040
[    0.000000] ACPI: FACS 0x000000001FFF0200 000040
[    0.000000] ACPI: APIC 0x000000001FFF0240 00005C (v02 VBOX   VBOXAPIC 00000001 ASL  00000061)
[    0.000000] ACPI: SSDT 0x000000001FFF02A0 0001CC (v01 VBOX   VBOXCPUT 00000002 INTL 20100528)
[    0.000000] No NUMA configuration found
[    0.000000] Faking a node at [mem 0x0000000000000000-0x000000001ffeffff]
[    0.000000] NODE_DATA(0) allocated [mem 0x1ffc5000-0x1ffeffff]
[    0.000000] kvm-clock: cpu 0, msr 0:1ff44001, primary cpu clock
[    0.000000] kvm-clock: Using msrs 4b564d01 and 4b564d00
[    0.000000] kvm-clock: using sched offset of 5371532103884 cycles
[    0.000000] clocksource: kvm-clock: mask: 0xffffffffffffffff max_cycles: 0x1cd42e4dffb, max_idle_ns: 881590591483 ns
[    0.000000] Zone ranges:
[    0.000000]   DMA      [mem 0x0000000000001000-0x0000000000ffffff]
[    0.000000]   DMA32    [mem 0x0000000001000000-0x000000001ffeffff]
[    0.000000]   Normal   empty
[    0.000000]   Device   empty
[    0.000000] Movable zone start for each node
[    0.000000] Early memory node ranges
[    0.000000]   node   0: [mem 0x0000000000001000-0x000000000009efff]
[    0.000000]   node   0: [mem 0x0000000000100000-0x000000001ffeffff]
[    0.000000] Initmem setup node 0 [mem 0x0000000000001000-0x000000001ffeffff]
[    0.000000] Reserved but unavailable: 98 pages
[    0.000000] ACPI: PM-Timer IO Port: 0x4008
[    0.000000] IOAPIC[0]: apic_id 2, version 32, address 0xfec00000, GSI 0-23
[    0.000000] ACPI: INT_SRC_OVR (bus 0 bus_irq 0 global_irq 2 dfl dfl)
[    0.000000] ACPI: INT_SRC_OVR (bus 0 bus_irq 9 global_irq 9 low level)
[    0.000000] Using ACPI (MADT) for SMP configuration information
[    0.000000] smpboot: Allowing 2 CPUs, 0 hotplug CPUs
[    0.000000] PM: Registered nosave memory: [mem 0x00000000-0x00000fff]
[    0.000000] PM: Registered nosave memory: [mem 0x0009f000-0x0009ffff]
[    0.000000] PM: Registered nosave memory: [mem 0x000a0000-0x000effff]
[    0.000000] PM: Registered nosave memory: [mem 0x000f0000-0x000fffff]
[    0.000000] e820: [mem 0x20000000-0xfebfffff] available for PCI devices
[    0.000000] Booting paravirtualized kernel on KVM
[    0.000000] clocksource: refined-jiffies: mask: 0xffffffff max_cycles: 0xffffffff, max_idle_ns: 7645519600211568 ns
[    0.000000] random: get_random_bytes called from start_kernel+0x99/0x4fd with crng_init=0
[    0.000000] setup_percpu: NR_CPUS:8192 nr_cpumask_bits:2 nr_cpu_ids:2 nr_node_ids:1
[    0.000000] percpu: Embedded 46 pages/cpu @        (ptrval) s151552 r8192 d28672 u1048576
[    0.000000] PV qspinlock hash table entries: 256 (order: 0, 4096 bytes)
[    0.000000] Built 1 zonelists, mobility grouping on.  Total pages: 128889
[    0.000000] Policy zone: DMA32
[    0.000000] Kernel command line: BOOT_IMAGE=/boot/vmlinuz-4.15.0-33-generic root=LABEL=cloudimg-rootfs ro console=tty1 console=ttyS0
[    0.000000] Memory: 466992K/523832K available (12300K kernel code, 2470K rwdata, 4244K rodata, 2408K init, 2416K bss, 56840K reserved, 0K cma-reserved)
[    0.000000] SLUB: HWalign=64, Order=0-3, MinObjects=0, CPUs=2, Nodes=1
[    0.000000] Kernel/User page tables isolation: enabled
[    0.000000] ftrace: allocating 39121 entries in 153 pages
[    0.004000] Hierarchical RCU implementation.
[    0.004000] 	RCU restricting CPUs from NR_CPUS=8192 to nr_cpu_ids=2.
[    0.004000] 	Tasks RCU enabled.
[    0.004000] RCU: Adjusting geometry for rcu_fanout_leaf=16, nr_cpu_ids=2
[    0.004000] NR_IRQS: 524544, nr_irqs: 440, preallocated irqs: 16
[    0.004000] Console: colour VGA+ 80x25
[    0.004000] console [tty1] enabled
[    0.004000] console [ttyS0] enabled
[    0.004000] ACPI: Core revision 20170831
[    0.004000] ACPI: 2 ACPI AML tables successfully acquired and loaded
[    0.004000] APIC: Switch to symmetric I/O mode setup
[    0.004000] x2apic enabled
[    0.004000] Switched APIC routing to physical x2apic.
[    0.004000] ..TIMER: vector=0x30 apic1=0 pin1=2 apic2=-1 pin2=-1
[    0.004003] tsc: Detected 4008.000 MHz processor
[    0.004720] Calibrating delay loop (skipped) preset value.. 8016.00 BogoMIPS (lpj=16032000)
[    0.005212] pid_max: default: 32768 minimum: 301
[    0.005914] Security Framework initialized
[    0.006531] Yama: becoming mindful.
[    0.008015] AppArmor: AppArmor initialized
[    0.008730] Dentry cache hash table entries: 65536 (order: 7, 524288 bytes)
[    0.009727] Inode-cache hash table entries: 32768 (order: 6, 262144 bytes)
[    0.010704] Mount-cache hash table entries: 1024 (order: 1, 8192 bytes)
[    0.011633] Mountpoint-cache hash table entries: 1024 (order: 1, 8192 bytes)
[    0.012172] mce: CPU supports 0 MCE banks
[    0.012793] Last level iTLB entries: 4KB 64, 2MB 8, 4MB 8
[    0.013580] Last level dTLB entries: 4KB 64, 2MB 0, 4MB 0, 1GB 4
[    0.014427] Spectre V2 : Mitigation: Full generic retpoline
[    0.015222] Spectre V2 : Spectre v2 mitigation: Filling RSB on context switch
[    0.016001] Speculative Store Bypass: Vulnerable
[    0.016789] Freeing SMP alternatives memory: 36K
[    0.020000] APIC calibration not consistent with PM-Timer: 98ms instead of 100ms
[    0.020000] APIC delta adjusted to PM-Timer: 6245923 (6181467)
[    0.020000] smpboot: CPU0: Intel(R) Core(TM) i7-6700K CPU @ 4.00GHz (family: 0x6, model: 0x5e, stepping: 0x3)
[    0.020000] Performance Events: unsupported p6 CPU model 94 no PMU driver, software events only.
[    0.020000] Hierarchical SRCU implementation.
[    0.020000] NMI watchdog: Perf event create on CPU 0 failed with -2
[    0.020001] NMI watchdog: Perf NMI watchdog permanently disabled
[    0.020879] smp: Bringing up secondary CPUs ...
[    0.021613] x86: Booting SMP configuration:
[    0.022244] .... node  #0, CPUs:      #1
[    0.004000] kvm-clock: cpu 1, msr 0:1ff44041, secondary cpu clock
[    0.004000] mce: CPU supports 0 MCE banks
[    0.026658] smp: Brought up 1 node, 2 CPUs
[    0.026658] smpboot: Max logical packages: 1
[    0.026658] smpboot: Total of 2 processors activated (16032.00 BogoMIPS)
[    0.028078] devtmpfs: initialized
[    0.032046] x86/mm: Memory block size: 128MB
[    0.036095] evm: security.selinux
[    0.036620] evm: security.SMACK64
[    0.037142] evm: security.SMACK64EXEC
[    0.037704] evm: security.SMACK64TRANSMUTE
[    0.038334] evm: security.SMACK64MMAP
[    0.038908] evm: security.apparmor
[    0.039440] evm: security.ima
[    0.040002] evm: security.capability
[    0.040583] clocksource: jiffies: mask: 0xffffffff max_cycles: 0xffffffff, max_idle_ns: 7645041785100000 ns
[    0.041411] futex hash table entries: 512 (order: 3, 32768 bytes)
[    0.042319] pinctrl core: initialized pinctrl subsystem
[    0.044017] RTC time: 18:36:18, date: 09/03/18
[    0.044777] NET: Registered protocol family 16
[    0.045513] audit: initializing netlink subsys (disabled)
[    0.046321] audit: type=2000 audit(1536005151.693:1): state=initialized audit_enabled=0 res=1
[    0.046321] cpuidle: using governor ladder
[    0.048005] cpuidle: using governor menu
[    0.048628] ACPI: bus type PCI registered
[    0.049237] acpiphp: ACPI Hot Plug PCI Controller Driver version: 0.5
[    0.050215] PCI: Using configuration type 1 for base access
[    0.052024] HugeTLB registered 2.00 MiB page size, pre-allocated 0 pages
[    0.052995] ACPI: Added _OSI(Module Device)
[    0.052995] ACPI: Added _OSI(Processor Device)
[    0.053370] ACPI: Added _OSI(3.0 _SCP Extensions)
[    0.053370] ACPI: Added _OSI(Processor Aggregator Device)
[    0.053370] ACPI: Added _OSI(Linux-Dell-Video)
[    0.056001] ACPI: Executed 1 blocks of module-level executable AML code
[    0.060005] ACPI: Interpreter enabled
[    0.060005] ACPI: (supports S0 S5)
[    0.060005] ACPI: Using IOAPIC for interrupt routing
[    0.060967] PCI: Using host bridge windows from ACPI; if necessary, use "pci=nocrs" and report a bug
[    0.068162] ACPI: Enabled 2 GPEs in block 00 to 07
[    0.076233] ACPI: PCI Root Bridge [PCI0] (domain 0000 [bus 00-ff])
[    0.077125] acpi PNP0A03:00: _OSC: OS supports [ASPM ClockPM Segments MSI]
[    0.078124] acpi PNP0A03:00: _OSC: not requesting OS control; OS requires [ExtendedConfig ASPM ClockPM MSI]
[    0.079559] acpi PNP0A03:00: fail to add MMCONFIG information, can't access extended PCI configuration space under this bridge.
[    0.080295] PCI host bridge to bus 0000:00
[    0.080918] pci_bus 0000:00: root bus resource [io  0x0000-0x0cf7 window]
[    0.081880] pci_bus 0000:00: root bus resource [io  0x0d00-0xffff window]
[    0.082836] pci_bus 0000:00: root bus resource [mem 0x000a0000-0x000bffff window]
[    0.084002] pci_bus 0000:00: root bus resource [mem 0x20000000-0xfdffffff window]
[    0.085121] pci_bus 0000:00: root bus resource [bus 00-ff]
[    0.088573] pci 0000:00:01.1: legacy IDE quirk: reg 0x10: [io  0x01f0-0x01f7]
[    0.089573] pci 0000:00:01.1: legacy IDE quirk: reg 0x14: [io  0x03f6]
[    0.090503] pci 0000:00:01.1: legacy IDE quirk: reg 0x18: [io  0x0170-0x0177]
[    0.091506] pci 0000:00:01.1: legacy IDE quirk: reg 0x1c: [io  0x0376]
[    0.100201] pci 0000:00:07.0: quirk: [io  0x4000-0x403f] claimed by PIIX4 ACPI
[    0.101318] pci 0000:00:07.0: quirk: [io  0x4100-0x410f] claimed by PIIX4 SMB
[    0.106814] ACPI: PCI Interrupt Link [LNKA] (IRQs 5 9 10 *11)
[    0.107960] ACPI: PCI Interrupt Link [LNKB] (IRQs 5 9 *10 11)
[    0.108109] ACPI: PCI Interrupt Link [LNKC] (IRQs 5 *9 10 11)
[    0.109060] ACPI: PCI Interrupt Link [LNKD] (IRQs 5 9 10 *11)
[    0.112001] SCSI subsystem initialized
[    0.112041] pci 0000:00:02.0: vgaarb: setting as boot VGA device
[    0.112910] pci 0000:00:02.0: vgaarb: VGA device added: decodes=io+mem,owns=io+mem,locks=none
[    0.116003] pci 0000:00:02.0: vgaarb: bridge control possible
[    0.116835] vgaarb: loaded
[    0.117299] ACPI: bus type USB registered
[    0.117924] usbcore: registered new interface driver usbfs
[    0.117924] usbcore: registered new interface driver hub
[    0.117924] usbcore: registered new device driver usb
[    0.120012] EDAC MC: Ver: 3.0.0
[    0.120691] PCI: Using ACPI for IRQ routing
[    0.120873] NetLabel: Initializing
[    0.120873] NetLabel:  domain hash size = 128
[    0.120873] NetLabel:  protocols = UNLABELED CIPSOv4 CALIPSO
[    0.124001] NetLabel:  unlabeled traffic allowed by default
[    0.124051] clocksource: Switched to clocksource kvm-clock
[    0.132362] VFS: Disk quotas dquot_6.6.0
[    0.133001] VFS: Dquot-cache hash table entries: 512 (order 0, 4096 bytes)
[    0.134036] AppArmor: AppArmor Filesystem Enabled
[    0.134751] pnp: PnP ACPI init
[    0.136175] pnp: PnP ACPI: found 3 devices
[    0.142052] clocksource: acpi_pm: mask: 0xffffff max_cycles: 0xffffff, max_idle_ns: 2085701024 ns
[    0.143381] NET: Registered protocol family 2
[    0.144152] TCP established hash table entries: 4096 (order: 3, 32768 bytes)
[    0.145151] TCP bind hash table entries: 4096 (order: 4, 65536 bytes)
[    0.146084] TCP: Hash tables configured (established 4096 bind 4096)
[    0.147016] UDP hash table entries: 256 (order: 1, 8192 bytes)
[    0.147867] UDP-Lite hash table entries: 256 (order: 1, 8192 bytes)
[    0.148799] NET: Registered protocol family 1
[    0.149464] pci 0000:00:00.0: Limiting direct PCI/PCI transfers
[    0.150336] pci 0000:00:01.0: Activating ISA DMA hang workarounds
[    0.151259] pci 0000:00:02.0: Video device with shadowed ROM at [mem 0x000c0000-0x000dffff]
[    0.152568] Unpacking initramfs...
[    0.338197] Freeing initrd memory: 19496K
[    0.338956] platform rtc_cmos: registered platform RTC device (no PNP device found)
[    0.340152] Scanning for low memory corruption every 60 seconds
[    0.341378] Initialise system trusted keyrings
[    0.342062] Key type blacklist registered
[    0.342723] workingset: timestamp_bits=36 max_order=17 bucket_order=0
[    0.344500] zbud: loaded
[    0.345283] squashfs: version 4.0 (2009/01/31) Phillip Lougher
[    0.346253] fuse init (API version 7.26)
[    0.348640] Key type asymmetric registered
[    0.349292] Asymmetric key parser 'x509' registered
[    0.350038] Block layer SCSI generic (bsg) driver version 0.4 loaded (major 246)
[    0.351211] io scheduler noop registered
[    0.351836] io scheduler deadline registered
[    0.352536] io scheduler cfq registered (default)
[    0.353430] ACPI: AC Adapter [AC] (on-line)
[    0.354127] input: Power Button as /devices/LNXSYSTM:00/LNXPWRBN:00/input/input0
[    0.355266] ACPI: Power Button [PWRF]
[    0.355919] input: Sleep Button as /devices/LNXSYSTM:00/LNXSLPBN:00/input/input1
[    0.364153] ACPI: Sleep Button [SLPF]
[    0.364928] Serial: 8250/16550 driver, 32 ports, IRQ sharing enabled
[    0.387716] 00:02: ttyS0 at I/O 0x3f8 (irq = 4, base_baud = 115200) is a 16550A
[    0.389867] Linux agpgart interface v0.103
[    0.391332] loop: module loaded
[    0.392240] scsi host0: ata_piix
[    0.392870] scsi host1: ata_piix
[    0.393407] ata1: PATA max UDMA/33 cmd 0x1f0 ctl 0x3f6 bmdma 0xd000 irq 14
[    0.394399] ata2: PATA max UDMA/33 cmd 0x170 ctl 0x376 bmdma 0xd008 irq 15
[    0.395648] libphy: Fixed MDIO Bus: probed
[    0.396330] tun: Universal TUN/TAP device driver, 1.6
[    0.397126] PPP generic driver version 2.4.2
[    0.397800] ehci_hcd: USB 2.0 'Enhanced' Host Controller (EHCI) Driver
[    0.398725] ehci-pci: EHCI PCI platform driver
[    0.399395] ehci-platform: EHCI generic platform driver
[    0.400177] ohci_hcd: USB 1.1 'Open' Host Controller (OHCI) Driver
[    0.401087] ohci-pci: OHCI PCI platform driver
[    0.401765] ohci-platform: OHCI generic platform driver
[    0.402549] uhci_hcd: USB Universal Host Controller Interface driver
[    0.403486] i8042: PNP: PS/2 Controller [PNP0303:PS2K,PNP0f03:PS2M] at 0x60,0x64 irq 1,12
[    0.405127] serio: i8042 KBD port at 0x60,0x64 irq 1
[    0.405866] serio: i8042 AUX port at 0x60,0x64 irq 12
[    0.406684] mousedev: PS/2 mouse device common for all mice
[    0.407687] input: AT Translated Set 2 keyboard as /devices/platform/i8042/serio0/input/input2
[    0.409234] rtc_cmos rtc_cmos: rtc core: registered rtc_cmos as rtc0
[    0.410186] rtc_cmos rtc_cmos: alarms up to one day, 114 bytes nvram
[    0.411088] i2c /dev entries driver
[    0.411674] device-mapper: uevent: version 1.0.3
[    0.412448] device-mapper: ioctl: 4.37.0-ioctl (2017-09-20) initialised: dm-devel@redhat.com
[    0.413732] ledtrig-cpu: registered to indicate activity on CPUs
[    0.414932] NET: Registered protocol family 10
[    0.417975] Segment Routing with IPv6
[    0.418556] NET: Registered protocol family 17
[    0.419258] Key type dns_resolver registered
[    0.420044] RAS: Correctable Errors collector initialized.
[    0.420842] sched_clock: Marking stable (420012072, 0)->(658094447, -238082375)
[    0.422250] registered taskstats version 1
[    0.422879] Loading compiled-in X.509 certificates
[    0.425043] Loaded X.509 cert 'Build time autogenerated kernel key: b2b2adbda3eef7b219e699c1b87c022096150517'
[    0.426453] zswap: loaded using pool lzo/zbud
[    0.429295] Key type big_key registered
[    0.429893] Key type trusted registered
[    0.431507] Key type encrypted registered
[    0.432127] AppArmor: AppArmor sha1 policy hashing enabled
[    0.432957] ima: No TPM chip found, activating TPM-bypass! (rc=-19)
[    0.433856] evm: HMAC attrs: 0x1
[    0.434564]   Magic number: 2:733:644
[    0.435267] rtc_cmos rtc_cmos: setting system clock to 2018-09-03 18:36:19 UTC (1535999779)
[    0.436652] BIOS EDD facility v0.16 2004-Jun-25, 0 devices found
[    0.437520] EDD information not available.
[    0.554435] Freeing unused kernel memory: 2408K
[    0.568275] Write protecting the kernel read-only data: 20480k
[    0.569480] Freeing unused kernel memory: 2008K
[    0.573012] Freeing unused kernel memory: 1900K
[    0.580702] x86/mm: Checked W+X mappings: passed, no W+X pages found.
[    0.581624] x86/mm: Checking user space page tables
[    0.588832] x86/mm: Checked W+X mappings: passed, no W+X pages found.
Loading, please wait...
starting version 237
[    0.634150] e1000: Intel(R) PRO/1000 Network Driver - version 7.3.21-k8-NAPI
[    0.635194] e1000: Copyright (c) 1999-2006 Intel Corporation.
[    0.639411] Fusion MPT base driver 3.04.20
[    0.640091] Copyright (c) 1999-2008 LSI Corporation
[    0.649678] Fusion MPT SPI Host driver 3.04.20
[    0.654973] AVX2 version of gcm_enc/dec engaged.
[    0.655695] AES CTR mode by8 optimization enabled
[    0.851739] input: ImExPS/2 Generic Explorer Mouse as /devices/platform/i8042/serio1/input/input4
[    1.016502] e1000 0000:00:03.0 eth0: (PCI:33MHz:32-bit) 02:2b:25:6f:70:59
[    1.017489] e1000 0000:00:03.0 eth0: Intel(R) PRO/1000 Network Connection
[    1.340297] tsc: Refined TSC clocksource calibration: 4008.986 MHz
[    1.341215] clocksource: tsc: mask: 0xffffffffffffffff max_cycles: 0x39c984ea940, max_idle_ns: 440795272495 ns
[    1.380653] e1000 0000:00:08.0 eth1: (PCI:33MHz:32-bit) 08:00:27:72:14:f2
[    1.381651] e1000 0000:00:08.0 eth1: Intel(R) PRO/1000 Network Connection
[    1.383332] e1000 0000:00:08.0 enp0s8: renamed from eth1
[    1.384232] mptbase: ioc0: Initiating bringup
[    1.408989] e1000 0000:00:03.0 enp0s3: renamed from eth0
[    1.488823] ioc0: LSI53C1030 A0: Capabilities={Initiator}
[    2.217571] scsi host2: ioc0: LSI53C1030 A0, FwRev=00000000h, Ports=1, MaxQ=256, IRQ=20
[    2.422873] scsi 2:0:0:0: Direct-Access     VBOX     HARDDISK         1.0  PQ: 0 ANSI: 5
[    2.754573] scsi target2:0:0: Beginning Domain Validation
[    2.755973] scsi target2:0:0: Domain Validation skipping write tests
[    2.756915] scsi target2:0:0: Ending Domain Validation
[    2.757711] scsi target2:0:0: asynchronous
[    2.758591] scsi 2:0:1:0: Direct-Access     VBOX     HARDDISK         1.0  PQ: 0 ANSI: 5
[    2.796501] scsi target2:0:1: Beginning Domain Validation
[    2.797894] random: fast init done
[    2.798448] scsi target2:0:1: Domain Validation skipping write tests
[    2.799345] scsi target2:0:1: Ending Domain Validation
[    2.800166] scsi target2:0:1: asynchronous
[    2.803318] random: systemd-udevd: uninitialized urandom read (16 bytes read)
[    2.803521] sd 2:0:0:0: [sda] 20971520 512-byte logical blocks: (10.7 GB/10.0 GiB)
[    2.803551] sd 2:0:0:0: [sda] Write Protect is off
[    2.803628] sd 2:0:0:0: [sda] Incomplete mode parameter data
[    2.803629] sd 2:0:0:0: [sda] Assuming drive cache: write through
[    2.807991] random: systemd-udevd: uninitialized urandom read (16 bytes read)
[    2.809023] random: systemd-udevd: uninitialized urandom read (16 bytes read)
[    2.810352] sd 2:0:0:0: Attached scsi generic sg0 type 0
[    2.811535] sd 2:0:1:0: Attached scsi generic sg1 type 0
[    2.812500] sd 2:0:1:0: [sdb] 20480 512-byte logical blocks: (10.5 MB/10.0 MiB)
[    2.812784]  sda: sda1
[    2.814117] sd 2:0:1:0: [sdb] Write Protect is off
[    2.814503] sd 2:0:0:0: [sda] Attached SCSI disk
[    2.816606] sd 2:0:1:0: [sdb] Incomplete mode parameter data
[    2.817433] sd 2:0:1:0: [sdb] Assuming drive cache: write through
[    2.820039] sd 2:0:1:0: [sdb] Attached SCSI disk
Begin: Loading essential drivers ... [    4.320054] raid6: sse2x1   gen() 13657 MB/s
[    4.368819] raid6: sse2x1   xor()  9870 MB/s
[    4.416661] raid6: sse2x2   gen() 17353 MB/s
[    4.464480] raid6: sse2x2   xor() 10427 MB/s
[    4.512278] raid6: sse2x4   gen() 20085 MB/s
[    4.560129] raid6: sse2x4   xor() 11723 MB/s
[    4.608019] raid6: avx2x1   gen() 26311 MB/s
[    4.656740] raid6: avx2x1   xor() 19823 MB/s
[    4.704571] raid6: avx2x2   gen() 34312 MB/s
[    4.753366] raid6: avx2x2   xor() 18080 MB/s
[    4.800220] raid6: avx2x4   gen() 36962 MB/s
[    4.848082] raid6: avx2x4   xor() 15044 MB/s
[    4.848977] raid6: using algorithm avx2x4 gen() 36962 MB/s
[    4.850012] raid6: .... xor() 15044 MB/s, rmw enabled
[    4.851013] raid6: using avx2x2 recovery algorithm
[    4.852742] xor: automatically using best checksumming function   avx       
[    4.854677] async_tx: api initialized (async)
done.
Begin: Running /scripts/init-premount ... done.
Begin: Mounting root file system ... Begin: Running /scripts/local-top ... done.
Begin: Running /scripts/local-premount ... [    4.887625] Btrfs loaded, crc32c=crc32c-intel
Scanning for Btrfs filesystems
done.
Warning: fsck no[    4.908977] EXT4-fs (sda1): mounted filesystem with ordered data mode. Opts: (null)
t present, so skipping root file system
done.
Begin: Running /scripts/local-bottom ... done.
Begin: Running /scripts/init-bottom ... done.
[    5.077081] ip_tables: (C) 2000-2006 Netfilter Core Team
[    5.084239] systemd[1]: systemd 237 running in system mode. (+PAM +AUDIT +SELINUX +IMA +APPARMOR +SMACK +SYSVINIT +UTMP +LIBCRYPTSETUP +GCRYPT +GNUTLS +ACL +XZ +LZ4 +SECCOMP +BLKID +ELFUTILS +KMOD -IDN2 +IDN -PCRE2 default-hierarchy=hybrid)
[    5.087343] systemd[1]: Detected virtualization oracle.
[    5.088143] systemd[1]: Detected architecture x86-64.

Welcome to [1mUbuntu 18.04.1 LTS[0m!

[    5.093215] systemd[1]: Set hostname to <ubuntu-bionic>.
[    5.291289] systemd[1]: Started Forward Password Requests to Wall Directory Watch.
[[0;32m  OK  [0m] Started Forward Password Requests to Wall Directory Watch.
[    5.293623] systemd[1]: Reached target Swap.
[[0;32m  OK  [0m] Reached target Swap.
[    5.295048] systemd[1]: Reached target User and Group Name Lookups.
[[0;32m  OK  [0m] Reached target User and Group Name Lookups.
[    5.298169] systemd[1]: Created slice User and Session Slice.
[[0;32m  OK  [0m] Created slice User and Session Slice.
[    5.299992] systemd[1]: Reached target System Time Synchronized.
[[0;32m  OK  [0m] Reached target System Time Synchronized.
[    5.302014] systemd[1]: Set up automount Arbitrary Executable File Formats File System Automount Point.
[[0;32m  OK  [0m] Set up automount Arbitrary Executab…rmats File System Automount Point.
[[0;32m  OK  [0m] Created slice System Slice.
[[0;32m  OK  [0m] Listening on Journal Socket (/dev/log).
[[0;32m  OK  [0m] Listening on Device-mapper event daemon FIFOs.
[[0;32m  OK  [0m] Listening on LVM2 poll daemon socket.
[[0;32m  OK  [0m] Listening on udev Control Socket.
[[0;32m  OK  [0m] Listening on udev Kernel Socket.
[[0;32m  OK  [0m] Listening on /dev/initctl Compatibility Named Pipe.
[[0;32m  OK  [0m] Listening on Journal Audit Socket.
[[0;32m  OK  [0m] Listening on Journal Socket.
         Mounting Huge Pages File System...
         Starting udev Coldplug all Devices...
         Mounting POSIX Message Queue File System...
         Starting Load Kernel Modules...
         Starting Set the console keyboard layout...
         Starting Uncomplicated firewall...
         Starting Create list of required st…ce nodes for the current kernel...
         Mounting Kernel Debug File System...
[[0;32m  OK  [0m] Created slice system-serial\x2dgetty.slice.
[[0;32m  OK  [0m] Reached target Slices.
         Starting Remount Root and Kernel File Systems...
[[0;32m  OK  [0m] Listening on LVM2 metadata daemon socket.
         Starting Monitoring of LVM2 mirrors…ng dmeventd or progress polling...
[[0;32m  OK  [0m] Listening on Syslog Socket.
         Starting Journal Service...
[[0;32m  OK  [0m] Listening on Network Service Netlink Socket.
[    5.345878] Loading iSCSI transport class v2.0-870.
[    5.350696] iscsi: registered transport (tcp)
[[0;32m  OK  [0m] Started udev Coldplug all Devices.
[    5.363726] iscsi: registered transport (iser)
[[0;32m  OK  [0m] Started Load Kernel Modules.
         Starting Apply Kernel Variables...
         Mounting Kernel Configuration File System...
         Mounting FUSE Control File System...
[[0;32m  OK  [0m] Started Uncomplicated firewall.
[[0;32m  OK  [0m] Started Create list of required sta…vice nodes for the current kernel.
         Starting Create Static Device Nodes in /dev...
[[0;32m  OK  [0m] Started Journal Service.
[[0;32m  OK  [0m] Started Create Static Device Nodes in /dev.
[[0;32m  OK  [0m] Started Apply Kernel Variables.
[[0;32m  OK  [0m] Mounted Huge Pages File System.
[[0;32m  OK  [0m] Mounted POSIX Message Queue File System.
[[0;32m  OK  [0m] Mounted Kernel Debug File System.
[[0;32m  OK  [0m] Started Remount Root and Kernel File Systems.
[[0;32m  OK  [0m] Mounted Kernel Configuration File System.
[[0;32m  OK  [0m] Mounted FUSE Control File System.
[[0;32m  OK  [0m] Started LVM2 metadata daemon.
         Starting udev Kernel Device Manager...
         Starting Flush Journal to Persistent Storage...
         Starting Load/Save Random Seed...
         Starting Initial cloud-init job (pre-networking)...
[[0;32m  OK  [0m] Started Monitoring of LVM2 mirrors,…sing dmeventd or progress polling.
[[0;32m  OK  [0m] Started udev Kernel Device Manager.
[[0;32m  OK  [0m] Started Load/Save Random Seed.
[[0;32m  OK  [0m] Started Set the console keyboard layout.
[[0;32m  OK  [0m] Reached target Local File Systems (Pre).
[[0;32m  OK  [0m] Reached target Local File Systems.
         Starting AppArmor initialization...
         Starting ebtables ruleset management...
         Starting Tell Plymouth To Write Out Runtime Data...
         Starting Set console font and keymap...
[[0;32m  OK  [0m] Started Dispatch Password Requests to Console Directory Watch.
[[0;32m  OK  [0m] Reached target Local Encrypted Volumes.
[[0;32m  OK  [0m] Started Set console font and keymap.
[[0;32m  OK  [0m] Started Tell Plymouth To Write Out Runtime Data.
[[0;32m  OK  [0m] Started Flush Journal to Persistent Storage.
         Starting Create Volatile Files and Directories...
[[0;32m  OK  [0m] Started Create Volatile Files and Directories.
         Starting Update UTMP about System Boot/Shutdown...
[[0;32m  OK  [0m] Started Update UTMP about System Boot/Shutdown.
[[0;32m  OK  [0m] Found device /dev/ttyS0.
[[0;32m  OK  [0m] Started ebtables ruleset management.
[[0;32m  OK  [0m] Listening on Load/Save RF Kill Switch Status /dev/rfkill Watch.
[[0;32m  OK  [0m] Started AppArmor initialization.
[    6.833276] cloud-init[439]: Cloud-init v. 18.3-9-g2e62cb8a-0ubuntu1~18.04.2 running 'init-local' at Mon, 03 Sep 2018 18:36:25 +0000. Up 6.63 seconds.
[[0;32m  OK  [0m] Started Initial cloud-init job (pre-networking).
[[0;32m  OK  [0m] Reached target Network (Pre).
         Starting Network Service...
[[0;32m  OK  [0m] Started Network Service.
         Starting Network Name Resolution...
         Starting Wait for Network to be Configured...
[[0;32m  OK  [0m] Started Network Name Resolution.
[[0;32m  OK  [0m] Reached target Network.
[[0;32m  OK  [0m] Reached target Host and Network Name Lookups.
[[0;32m  OK  [0m] Started Wait for Network to be Configured.
         Starting Initial cloud-init job (metadata service crawler)...
[    9.271445] cloud-init[667]: Cloud-init v. 18.3-9-g2e62cb8a-0ubuntu1~18.04.2 running 'init' at Mon, 03 Sep 2018 18:36:27 +0000. Up 8.91 seconds.
[    9.272906] cloud-init[667]: ci-info: ++++++++++++++++++++++++++++++++++++++Net device info+++++++++++++++++++++++++++++++++++++++
[    9.274141] cloud-init[667]: ci-info: +--------+------+-----------------------------+---------------+--------+-------------------+
[    9.275393] cloud-init[667]: ci-info: | Device |  Up  |           Address           |      Mask     | Scope  |     Hw-Address    |
[    9.276625] cloud-init[667]: ci-info: +--------+------+-----------------------------+---------------+--------+-------------------+
[    9.277795] cloud-init[667]: ci-info: | enp0s3 | True |          10.0.2.15          | 255.255.255.0 | global | 02:2b:25:6f:70:59 |
[    9.278979] cloud-init[667]: ci-info: | enp0s3 | True |  fe80::2b:25ff:fe6f:7059/64 |       .       |  link  | 02:2b:25:6f:70:59 |
[    9.280245] cloud-init[667]: ci-info: | enp0s8 | True |        192.168.1.200        | 255.255.255.0 | global | 08:00:27:72:14:f2 |
[    9.281425] cloud-init[667]: ci-info: | enp0s8 | True | fe80::a00:27ff:fe72:14f2/64 |       .       |  link  | 08:00:27:72:14:f2 |
[    9.282613] cloud-init[667]: ci-info: |   lo   | True |          127.0.0.1          |   255.0.0.0   |  host  |         .         |
[    9.283827] cloud-init[667]: ci-info: |   lo   | True |           ::1/128           |       .       |  host  |         .         |
[    9.285048] cloud-init[667]: ci-info: +--------+------+-----------------------------+---------------+--------+-------------------+
[    9.286271] cloud-init[667]: ci-info: ++++++++++++++++++++++++++++Route IPv4 info+++++++++++++++++++++++++++++
[    9.287388] cloud-init[667]: ci-info: +-------+-------------+----------+-----------------+-----------+-------+
[    9.288459] cloud-init[667]: ci-info: | Route | Destination | Gateway  |     Genmask     | Interface | Flags |
[    9.289477] cloud-init[667]: ci-info: +-------+-------------+----------+-----------------+-----------+-------+
[    9.290503] cloud-init[667]: ci-info: |   0   |   0.0.0.0   | 10.0.2.2 |     0.0.0.0     |   enp0s3  |   UG  |
[    9.291538] cloud-init[667]: ci-info: |   1   |   10.0.2.0  | 0.0.0.0  |  255.255.255.0  |   enp0s3  |   U   |
[    9.292555] cloud-init[667]: ci-info: |   2   |   10.0.2.2  | 0.0.0.0  | 255.255.255.255 |   enp0s3  |   UH  |
[    9.293574] cloud-init[667]: ci-info: |   3   | 192.168.1.0 | 0.0.0.0  |  255.255.255.0  |   enp0s8  |   U   |
[    9.294599] cloud-init[667]: ci-info: +-------+-------------+----------+-----------------+-----------+-------+
[    9.295616] cloud-init[667]: ci-info: +++++++++++++++++++Route IPv6 info+++++++++++++++++++
[    9.296542] cloud-init[667]: ci-info: +-------+-------------+---------+-----------+-------+
[    9.297431] cloud-init[667]: ci-info: | Route | Destination | Gateway | Interface | Flags |
[    9.298298] cloud-init[667]: ci-info: +-------+-------------+---------+-----------+-------+
[    9.299171] cloud-init[667]: ci-info: |   1   |  fe80::/64  |    ::   |   enp0s8  |   U   |
[    9.300067] cloud-init[667]: ci-info: |   2   |  fe80::/64  |    ::   |   enp0s3  |   U   |
[    9.300947] cloud-init[667]: ci-info: |   4   |    local    |    ::   |   enp0s3  |   U   |
[    9.301818] cloud-init[667]: ci-info: |   5   |    local    |    ::   |   enp0s8  |   U   |
[    9.302698] cloud-init[667]: ci-info: |   6   |   ff00::/8  |    ::   |   enp0s8  |   U   |
[    9.303567] cloud-init[667]: ci-info: |   7   |   ff00::/8  |    ::   |   enp0s3  |   U   |
[    9.304453] cloud-init[667]: ci-info: +-------+-------------+---------+-----------+-------+
[[0;32m  OK  [0m] Started Initial cloud-init job (metadata service crawler).
[[0;32m  OK  [0m] Reached target Cloud-config availability.
[[0;32m  OK  [0m] Reached target Network is Online.
         Starting iSCSI initiator daemon (iscsid)...
[[0;32m  OK  [0m] Reached target System Initialization.
         Starting Socket activation for snappy daemon.
         Starting LXD - unix socket.
[[0;32m  OK  [0m] Started Message of the Day.
[[0;32m  OK  [0m] Started Daily Cleanup of Temporary Directories.
[[0;32m  OK  [0m] Listening on ACPID Listen Socket.
[[0;32m  OK  [0m] Listening on UUID daemon activation socket.
[[0;32m  OK  [0m] Started ACPI Events Check.
[[0;32m  OK  [0m] Reached target Paths.
[[0;32m  OK  [0m] Started Daily apt download activities.
[[0;32m  OK  [0m] Started Daily apt upgrade and clean activities.
[[0;32m  OK  [0m] Started Discard unused blocks once a week.
[[0;32m  OK  [0m] Reached target Timers.
[[0;32m  OK  [0m] Listening on D-Bus System Message Bus Socket.
[[0;32m  OK  [0m] Listening on Socket activation for snappy daemon.
[[0;32m  OK  [0m] Listening on LXD - unix socket.
[[0;32m  OK  [0m] Reached target Sockets.
[[0;32m  OK  [0m] Reached target Basic System.
         Starting LSB: Record successful boot for GRUB...
         Starting Virtualbox guest utils...
[[0;32m  OK  [0m] Started Regular background program processing daemon.
[[0;32m  OK  [0m] Started Apache CouchDB.
         Starting System Logging Service...
[[0;32m  OK  [0m] Started Deferred execution scheduler.
[[0;32m  OK  [0m] Started irqbalance daemon.
         Starting LXD - container startup/shutdown...
[[0;32m  OK  [0m] Started Unattended Upgrades Shutdown.
         Starting Login Service...
         Starting Dispatcher daemon for systemd-networkd...
[[0;32m  OK  [0m] Started D-Bus System Message Bus.
         Starting Accounts Service...
         Starting OpenBSD Secure Shell server...
[[0;32m  OK  [0m] Started FUSE filesystem for LXC.
         Starting Snappy daemon...
[[0;32m  OK  [0m] Started System Logging Service.
[[0;32m  OK  [0m] Started LXD - container startup/shutdown.
[[0;32m  OK  [0m] Started Login Service.
[[0;32m  OK  [0m] Started iSCSI initiator daemon (iscsid).
         Starting Availability of block devices...
[[0;32m  OK  [0m] Reached target Remote File Systems (Pre).
[[0;32m  OK  [0m] Reached target Remote File Systems.
         Starting LSB: automatic crash report generation...
         Starting Permit User Sessions...
[[0;32m  OK  [0m] Started OpenBSD Secure Shell server.
[[0;32m  OK  [0m] Started Availability of block devices.
[[0;32m  OK  [0m] Started Permit User Sessions.
[[0;32m  OK  [0m] Started LSB: Record successful boot for GRUB.
         Starting Hold until boot process finishes up...
         Starting Terminate Plymouth Boot Screen...
[[0;32m  OK  [0m] Started Hold until boot process finishes up.
[[0;32m  OK  [0m] Started Terminate Plymouth Boot Screen.
[[0;32m  OK  [0m] Started Serial Getty on ttyS0.
         Starting Set console scheme...
         Starting Authorization Manager...
[[0;32m  OK  [0m] Started Virtualbox guest utils.
[[0;32m  OK  [0m] Started Set console scheme.
[[0;32m  OK  [0m] Created slice system-getty.slice.
[[0;32m  OK  [0m] Started Getty on tty1.
[[0;32m  OK  [0m] Reached target Login Prompts.
[[0;32m  OK  [0m] Started Authorization Manager.
[[0;32m  OK  [0m] Started Accounts Service.
[[0;32m  OK  [0m] Started LSB: automatic crash report generation.
[[0;32m  OK  [0m] Started Snappy daemon.
         Starting Wait until snapd is fully seeded...
[[0;32m  OK  [0m] Started Wait until snapd is fully seeded.
         Starting Apply the settings specified in cloud-config...
[[0;32m  OK  [0m] Started Dispatcher daemon for systemd-networkd.
[[0;32m  OK  [0m] Reached target Multi-User System.
[[0;32m  OK  [0m] Reached target Graphical Interface.
         Starting Update UTMP about System Runlevel Changes...
[[0;32m  OK  [0m] Started Update UTMP about System Runlevel Changes.
[   10.732303] cloud-init[1139]: Cloud-init v. 18.3-9-g2e62cb8a-0ubuntu1~18.04.2 running 'modules:config' at Mon, 03 Sep 2018 18:36:29 +0000. Up 10.57 seconds.
[[0;32m  OK  [0m] Started Apply the settings specified in cloud-config.
         Starting Execute cloud user/final scripts...
[   11.394697] cloud-init[1199]: Cloud-init v. 18.3-9-g2e62cb8a-0ubuntu1~18.04.2 running 'modules:final' at Mon, 03 Sep 2018 18:36:30 +0000. Up 11.22 seconds.
[   11.396206] cloud-init[1199]: Cloud-init v. 18.3-9-g2e62cb8a-0ubuntu1~18.04.2 finished at Mon, 03 Sep 2018 18:36:30 +0000. Datasource DataSourceNoCloud [seed=/dev/sdb][dsmode=net].  Up 11.38 seconds
[[0;32m  OK  [0m] Started Execute cloud user/final scripts.
[[0;32m  OK  [0m] Reached target Cloud-init target.

Ubuntu 18.04.1 LTS ubuntu-bionic ttyS0

ubuntu-bionic login:          Stopping Authorization Manager...
         Stopping Availability of block devices...
[[0;32m  OK  [0m] Stopped target Graphical Interface.
[[0;32m  OK  [0m] Stopped target Timers.
[[0;32m  OK  [0m] Stopped Discard unused blocks once a week.
[[0;32m  OK  [0m] Stopped Daily apt upgrade and clean activities.
[[0;32m  OK  [0m] Closed Load/Save RF Kill Switch Status /dev/rfkill Watch.
[[0;32m  OK  [0m] Stopped target Host and Network Name Lookups.
         Stopping Session 3 of user vagrant.
[[0;32m  OK  [0m] Stopped Daily apt download activities.
[[0;32m  OK  [0m] Stopped target System Time Synchronized.
         Stopping Accounts Service...
[[0;32m  OK  [0m] Stopped Daily Cleanup of Temporary Directories.
         Stopping User Manager for UID 1000...
[[0;32m  OK  [0m] Stopped Message of the Day.
[[0;32m  OK  [0m] Stopped target Cloud-init target.
[[0;32m  OK  [0m] Stopped Execute cloud user/final scripts.
[[0;32m  OK  [0m] Stopped Apply the settings specified in cloud-config.
[[0;32m  OK  [0m] Stopped target Cloud-config availai         Stopping LSB: automatic crash report generation...
         Stopping FUSE filesystem for LXC...
         Stopping Deferred execution scheduler...
         Stopping Apache CouchDB...
         Stopping Regular background program processing daemon...
[[0;32m  OK  [0m] Unmounted /var/lib/lxcfs.
[[0;32m  OK  [0m] Stopped Regular background program processing daemon.
[[0;32m  OK  [0m] Stopped Apache CouchDB.
[[0;32m  OK  [0m] Stopped System Logging Service.
[[0;32m  OK  [0m] Stopped Deferred execution scheduler.
[[0;32m  OK  [0m] Stopped irqbalance daemon.
[[0;32m  OK  [0m] Stopped Dispatcher daemon for systemd-networkd.
[[0;32m  OK  [0m] Stopped Accounts Service.
[[0;32m  OK  [0m] Stopped Snappy daemon.
[[0;32m  OK  [0m] Stopped OpenBSD Secure Shell server.
[[0;32m  OK  [0m] Stopped Serial Getty on ttyS0.
[[0;32m  OK  [0m] Stopped Authorization Manager.
[[0;32m  OK  [0m] Stopped Getty on tty1.
[[0;32m  OK  [0m] Stopped User Manager for UID 1000.
[[0;32m  OK  [0m] Stopped Availability of block devices.
[[0;32m  OK  [0m] Stopped Unattended Upgrades Shutdown.
[[0;32m  OK  [0m] Stopped D-Bus System Message Bus.
[[0;32m  OK  [0m] Stopped FUSE filesystem for LXC.
[[0;32m  OK  [0m] Stopped Session 3 of user vagrant.
[[0;32m  OK  [0m] Removed slice User Slice of vagrant.
         Stopping Login Service...
[[0;32m  OK  [0m] Removed slice system-getty.slice.
[[0;32m  OK  [0m] Removed slice system-serial\x2dgetty.slice.
         Stopping Permit User Sessions...
[[0;32m  OK  [0m] Stopped LSB: Record successful boot for GRUB.
[[0;32m  OK  [0m] Stopped LSB: automatic crash report generation.
[[0;32m  OK  [0m] Stopped Permit User Sessions.
[[0;32m  OK  [0m] Stopped target Remote File Systems.
[[0;32m  OK  [0m] Stopped target Remote File Systems (Pre).
         Stopping iSCSI initiator daemon (iscsid)...
[[0;32m  OK  [0m] Stopped LXD - container startup/shutdown.
[[0;32m  OK  [0m] Stopped iSCSI initiator daemon (iscsid).
[[0;32m  OK  [0m] Stopped target Network is Online.
[[0;32m  OK  [0m] Stopped target Network.
         Stopping Network Name Resolution...
[[0;32m  OK  [0m] Stopped Virtualbox guest utils.
[[0;32m  OK  [0m] Stopped Network Name Resolution.
[[0;32m  OK  [0m] Stopped Login Service.
[[0;32m  OK  [0m] Stopped target User and Group Name Lookups.
[[0;32m  OK  [0m] Stopped target Basic System.
[[0;32m  OK  [0m] Stopped target Slices.
[[0;32m  OK  [0m] Removed slice User and Session Slice.
[[0;32m  OK  [0m] Stopped target Sockets.
[[0;32m  OK  [0m] Closed ACPID Listen Socket.
[[0;32m  OK  [0m] Closed D-Bus System Message Bus Socket.
[[0;32m  OK  [0m] Closed Socket activation for snappy daemon.
[[0;32m  OK  [0m] Closed Syslog Socket.
[[0;32m  OK  [0m] Closed LXD - unix socket.
[[0;32m  OK  [0m] Closed UUID daemon activation socket.
[[0;32m  OK  [0m] Stopped target Paths.
[[0;32m  OK  [0m] Stopped ACPI Events Check.
[[0;32m  OK  [0m] Stopped target System Initialization.
         Stopping Load/Save Random Seed...
[[0;32m  OK  [0m] Stopped target Local Encrypted Volumes.
[[0;32m  OK  [0m] Stopped Forward Password Requests to Wall Directory Watch.
[[0;32m  OK  [0m] Stopped Dispatch Password Requests to Console Directory Watch.
[[0;32m  OK  [0m] Stopped Initial cloud-init job (metadata service crawler).
[[0;32m  OK  [0m] Stopped Wait for Network to be Configured.
         Stopping Network Service...
         Stopping Update UTMP about System Boot/Shutdown...
[[0;32m  OK  [0m] Stopped Load/Save Random Seed.
[[0;32m  OK  [0m] Stopped Update UTMP about System Boot/Shutdown.
[[0;32m  OK  [0m] Stopped Create Volatile Files and Directories.
[[0;32m  OK  [0m] Stopped target Local File Systems.
         Unmounting /run/user/1000...
[[0;32m  OK  [0m] Unmounted /run/user/1000.
[[0;32m  OK  [0m] Reached target Unmount All Filesystems.
[[0;32m  OK  [0m] Stopped target Swap.
[[0;32m  OK  [0m] Stopped target Local File Systems (Pre).
[[0;32m  OK  [0m] Stopped Create Static Device Nodes in /dev.
         Stopping Monitoring of LVM2 mirrors…ng dmeventd or progress polling...
[[0;32m  OK  [0m] Stopped Network Service.
[[0;32m  OK  [0m] Stopped target Network (Pre).
[[0;32m  OK  [0m] Stopped Initial cloud-init job (pre-networking).
[[0;32m  OK  [0m] Stopped Remount Root and Kernel File Systems.
[[0;32m  OK  [0m] Stopped Apply Kernel Variables.
[[0;32m  OK  [0m] Stopped Load Kernel Modules.
[[0;32m  OK  [0m] Reached target Shutdown.
[[0;32m  OK  [0m] Reached target Final Step.
         Starting Power-Off...
[[0;32m  OK  [0m] Stopped Monitoring of LVM2 mirrors,…sing dmeventd or progress polling.
         Stopping LVM2 metadata daemon...
[[0;32m  OK  [0m] Stopped LVM2 metadata daemon.
[  265.265861] reboot: Power down
